INFO - 2023-12-16 06:15:12 --> Session: Class initialized using 'CodeIgniter\Session\Handlers\FileHandler' driver.
ERROR - 2023-12-16 06:15:19 --> Error connecting to the database: mysqli_sql_exception: Connection refused in /Users/alzaidan/Documents/tst/codeigniter4-framework-a033985/system/Database/MySQLi/Connection.php:184
Stack trace:
#0 /Users/alzaidan/Documents/tst/codeigniter4-framework-a033985/system/Database/MySQLi/Connection.php(184): mysqli->real_connect('127.0.0.1', 'root', Object(SensitiveParameterValue), 'books_managemen...', 3306, '', 0)
#1 /Users/alzaidan/Documents/tst/codeigniter4-framework-a033985/system/Database/BaseConnection.php(392): CodeIgniter\Database\MySQLi\Connection->connect(false)
#2 /Users/alzaidan/Documents/tst/codeigniter4-framework-a033985/system/Database/BaseConnection.php(575): CodeIgniter\Database\BaseConnection->initialize()
#3 /Users/alzaidan/Documents/tst/codeigniter4-framework-a033985/system/Database/BaseBuilder.php(1615): CodeIgniter\Database\BaseConnection->query('SELECT `usernam...', Array, false)
#4 /Users/alzaidan/Documents/tst/codeigniter4-framework-a033985/app/Models/LoginModel.php(17): CodeIgniter\Database\BaseBuilder->get()
#5 /Users/alzaidan/Documents/tst/codeigniter4-framework-a033985/app/Controllers/LoginController.php(23): App\Models\LoginModel->getDataUsers('iyal', '1233')
#6 /Users/alzaidan/Documents/tst/codeigniter4-framework-a033985/system/CodeIgniter.php(942): App\Controllers\LoginController->login_action()
#7 /Users/alzaidan/Documents/tst/codeigniter4-framework-a033985/system/CodeIgniter.php(502): CodeIgniter\CodeIgniter->runController(Object(App\Controllers\LoginController))
#8 /Users/alzaidan/Documents/tst/codeigniter4-framework-a033985/system/CodeIgniter.php(361): CodeIgniter\CodeIgniter->handleRequest(NULL, Object(Config\Cache), false)
#9 /Users/alzaidan/Documents/tst/codeigniter4-framework-a033985/public/index.php(79): CodeIgniter\CodeIgniter->run()
#10 /Users/alzaidan/Documents/tst/codeigniter4-framework-a033985/system/Commands/Server/rewrite.php(47): require_once('/Users/alzaidan...')
#11 {main}

Next CodeIgniter\Database\Exceptions\DatabaseException: Connection refused in /Users/alzaidan/Documents/tst/codeigniter4-framework-a033985/system/Database/MySQLi/Connection.php:229
Stack trace:
#0 /Users/alzaidan/Documents/tst/codeigniter4-framework-a033985/system/Database/BaseConnection.php(392): CodeIgniter\Database\MySQLi\Connection->connect(false)
#1 /Users/alzaidan/Documents/tst/codeigniter4-framework-a033985/system/Database/BaseConnection.php(575): CodeIgniter\Database\BaseConnection->initialize()
#2 /Users/alzaidan/Documents/tst/codeigniter4-framework-a033985/system/Database/BaseBuilder.php(1615): CodeIgniter\Database\BaseConnection->query('SELECT `usernam...', Array, false)
#3 /Users/alzaidan/Documents/tst/codeigniter4-framework-a033985/app/Models/LoginModel.php(17): CodeIgniter\Database\BaseBuilder->get()
#4 /Users/alzaidan/Documents/tst/codeigniter4-framework-a033985/app/Controllers/LoginController.php(23): App\Models\LoginModel->getDataUsers('iyal', '1233')
#5 /Users/alzaidan/Documents/tst/codeigniter4-framework-a033985/system/CodeIgniter.php(942): App\Controllers\LoginController->login_action()
#6 /Users/alzaidan/Documents/tst/codeigniter4-framework-a033985/system/CodeIgniter.php(502): CodeIgniter\CodeIgniter->runController(Object(App\Controllers\LoginController))
#7 /Users/alzaidan/Documents/tst/codeigniter4-framework-a033985/system/CodeIgniter.php(361): CodeIgniter\CodeIgniter->handleRequest(NULL, Object(Config\Cache), false)
#8 /Users/alzaidan/Documents/tst/codeigniter4-framework-a033985/public/index.php(79): CodeIgniter\CodeIgniter->run()
#9 /Users/alzaidan/Documents/tst/codeigniter4-framework-a033985/system/Commands/Server/rewrite.php(47): require_once('/Users/alzaidan...')
#10 {main}
CRITICAL - 2023-12-16 06:15:19 --> Unable to connect to the database.
Main connection [MySQLi]: Connection refused
in SYSTEMPATH/Database/BaseConnection.php on line 428.
 1 SYSTEMPATH/Database/BaseConnection.php(575): CodeIgniter\Database\BaseConnection->initialize()
 2 SYSTEMPATH/Database/BaseBuilder.php(1615): CodeIgniter\Database\BaseConnection->query('SELECT `username`
FROM `users`
WHERE `username` = :username:
AND `password` = :password:', [...], false)
 3 APPPATH/Models/LoginModel.php(17): CodeIgniter\Database\BaseBuilder->get()
 4 APPPATH/Controllers/LoginController.php(23): App\Models\LoginModel->getDataUsers('iyal', '1233')
 5 SYSTEMPATH/CodeIgniter.php(942): App\Controllers\LoginController->login_action()
 6 SYSTEMPATH/CodeIgniter.php(502): CodeIgniter\CodeIgniter->runController(Object(App\Controllers\LoginController))
 7 SYSTEMPATH/CodeIgniter.php(361): CodeIgniter\CodeIgniter->handleRequest(null, Object(Config\Cache), false)
 8 FCPATH/index.php(79): CodeIgniter\CodeIgniter->run()
 9 SYSTEMPATH/Commands/Server/rewrite.php(47): require_once('/Users/alzaidan/Documents/tst/codeigniter4-framework-a033985/public/index.php')
INFO - 2023-12-16 06:15:21 --> Session: Class initialized using 'CodeIgniter\Session\Handlers\FileHandler' driver.
INFO - 2023-12-16 06:15:47 --> Session: Class initialized using 'CodeIgniter\Session\Handlers\FileHandler' driver.
INFO - 2023-12-16 06:15:48 --> Session: Class initialized using 'CodeIgniter\Session\Handlers\FileHandler' driver.
INFO - 2023-12-16 06:16:07 --> Session: Class initialized using 'CodeIgniter\Session\Handlers\FileHandler' driver.
INFO - 2023-12-16 06:16:13 --> Session: Class initialized using 'CodeIgniter\Session\Handlers\FileHandler' driver.
INFO - 2023-12-16 06:16:13 --> Session: Class initialized using 'CodeIgniter\Session\Handlers\FileHandler' driver.
INFO - 2023-12-16 06:16:15 --> Session: Class initialized using 'CodeIgniter\Session\Handlers\FileHandler' driver.
INFO - 2023-12-16 06:16:15 --> Session: Class initialized using 'CodeIgniter\Session\Handlers\FileHandler' driver.
INFO - 2023-12-16 06:16:19 --> Session: Class initialized using 'CodeIgniter\Session\Handlers\FileHandler' driver.
INFO - 2023-12-16 06:16:29 --> Session: Class initialized using 'CodeIgniter\Session\Handlers\FileHandler' driver.
INFO - 2023-12-16 06:16:29 --> Session: Class initialized using 'CodeIgniter\Session\Handlers\FileHandler' driver.
INFO - 2023-12-16 06:16:33 --> Session: Class initialized using 'CodeIgniter\Session\Handlers\FileHandler' driver.
INFO - 2023-12-16 06:16:33 --> Session: Class initialized using 'CodeIgniter\Session\Handlers\FileHandler' driver.
INFO - 2023-12-16 06:16:38 --> Session: Class initialized using 'CodeIgniter\Session\Handlers\FileHandler' driver.
INFO - 2023-12-16 06:16:40 --> Session: Class initialized using 'CodeIgniter\Session\Handlers\FileHandler' driver.
INFO - 2023-12-16 06:16:44 --> Session: Class initialized using 'CodeIgniter\Session\Handlers\FileHandler' driver.
INFO - 2023-12-16 06:16:44 --> Session: Class initialized using 'CodeIgniter\Session\Handlers\FileHandler' driver.
INFO - 2023-12-16 06:24:10 --> Session: Class initialized using 'CodeIgniter\Session\Handlers\FileHandler' driver.
INFO - 2023-12-16 06:24:10 --> Session: Class initialized using 'CodeIgniter\Session\Handlers\FileHandler' driver.
INFO - 2023-12-16 06:24:25 --> Session: Class initialized using 'CodeIgniter\Session\Handlers\FileHandler' driver.
INFO - 2023-12-16 06:24:25 --> Session: Class initialized using 'CodeIgniter\Session\Handlers\FileHandler' driver.
INFO - 2023-12-16 06:24:59 --> Session: Class initialized using 'CodeIgniter\Session\Handlers\FileHandler' driver.
INFO - 2023-12-16 06:24:59 --> Session: Class initialized using 'CodeIgniter\Session\Handlers\FileHandler' driver.
INFO - 2023-12-16 06:25:48 --> Session: Class initialized using 'CodeIgniter\Session\Handlers\FileHandler' driver.
INFO - 2023-12-16 06:25:48 --> Session: Class initialized using 'CodeIgniter\Session\Handlers\FileHandler' driver.
INFO - 2023-12-16 06:26:57 --> Session: Class initialized using 'CodeIgniter\Session\Handlers\FileHandler' driver.
INFO - 2023-12-16 06:26:57 --> Session: Class initialized using 'CodeIgniter\Session\Handlers\FileHandler' driver.
INFO - 2023-12-16 06:27:26 --> Session: Class initialized using 'CodeIgniter\Session\Handlers\FileHandler' driver.
INFO - 2023-12-16 06:27:27 --> Session: Class initialized using 'CodeIgniter\Session\Handlers\FileHandler' driver.
INFO - 2023-12-16 06:27:27 --> Session: Class initialized using 'CodeIgniter\Session\Handlers\FileHandler' driver.
INFO - 2023-12-16 06:28:28 --> Session: Class initialized using 'CodeIgniter\Session\Handlers\FileHandler' driver.
INFO - 2023-12-16 06:28:37 --> Session: Class initialized using 'CodeIgniter\Session\Handlers\FileHandler' driver.
INFO - 2023-12-16 06:28:37 --> Session: Class initialized using 'CodeIgniter\Session\Handlers\FileHandler' driver.
INFO - 2023-12-16 06:29:07 --> Session: Class initialized using 'CodeIgniter\Session\Handlers\FileHandler' driver.
INFO - 2023-12-16 06:34:12 --> Session: Class initialized using 'CodeIgniter\Session\Handlers\FileHandler' driver.
INFO - 2023-12-16 06:34:12 --> Session: Class initialized using 'CodeIgniter\Session\Handlers\FileHandler' driver.
INFO - 2023-12-16 06:34:15 --> Session: Class initialized using 'CodeIgniter\Session\Handlers\FileHandler' driver.
INFO - 2023-12-16 06:34:43 --> Session: Class initialized using 'CodeIgniter\Session\Handlers\FileHandler' driver.
INFO - 2023-12-16 06:34:49 --> Session: Class initialized using 'CodeIgniter\Session\Handlers\FileHandler' driver.
INFO - 2023-12-16 06:34:51 --> Session: Class initialized using 'CodeIgniter\Session\Handlers\FileHandler' driver.
INFO - 2023-12-16 06:37:15 --> Session: Class initialized using 'CodeIgniter\Session\Handlers\FileHandler' driver.
INFO - 2023-12-16 06:37:18 --> Session: Class initialized using 'CodeIgniter\Session\Handlers\FileHandler' driver.
INFO - 2023-12-16 08:29:44 --> Session: Class initialized using 'CodeIgniter\Session\Handlers\FileHandler' driver.
INFO - 2023-12-16 08:30:05 --> Session: Class initialized using 'CodeIgniter\Session\Handlers\FileHandler' driver.
INFO - 2023-12-16 08:30:05 --> Session: Class initialized using 'CodeIgniter\Session\Handlers\FileHandler' driver.
INFO - 2023-12-16 08:54:15 --> Session: Class initialized using 'CodeIgniter\Session\Handlers\FileHandler' driver.
INFO - 2023-12-16 08:54:16 --> Session: Class initialized using 'CodeIgniter\Session\Handlers\FileHandler' driver.
INFO - 2023-12-16 08:54:18 --> Session: Class initialized using 'CodeIgniter\Session\Handlers\FileHandler' driver.
INFO - 2023-12-16 08:54:22 --> Session: Class initialized using 'CodeIgniter\Session\Handlers\FileHandler' driver.
INFO - 2023-12-16 08:54:22 --> Session: Class initialized using 'CodeIgniter\Session\Handlers\FileHandler' driver.
INFO - 2023-12-16 08:54:26 --> Session: Class initialized using 'CodeIgniter\Session\Handlers\FileHandler' driver.
INFO - 2023-12-16 08:54:32 --> Session: Class initialized using 'CodeIgniter\Session\Handlers\FileHandler' driver.
INFO - 2023-12-16 08:54:33 --> Session: Class initialized using 'CodeIgniter\Session\Handlers\FileHandler' driver.
INFO - 2023-12-16 08:54:35 --> Session: Class initialized using 'CodeIgniter\Session\Handlers\FileHandler' driver.
INFO - 2023-12-16 08:54:40 --> Session: Class initialized using 'CodeIgniter\Session\Handlers\FileHandler' driver.
INFO - 2023-12-16 08:55:14 --> Session: Class initialized using 'CodeIgniter\Session\Handlers\FileHandler' driver.
INFO - 2023-12-16 08:55:15 --> Session: Class initialized using 'CodeIgniter\Session\Handlers\FileHandler' driver.
INFO - 2023-12-16 08:55:17 --> Session: Class initialized using 'CodeIgniter\Session\Handlers\FileHandler' driver.
INFO - 2023-12-16 08:55:17 --> Session: Class initialized using 'CodeIgniter\Session\Handlers\FileHandler' driver.
INFO - 2023-12-16 08:55:19 --> Session: Class initialized using 'CodeIgniter\Session\Handlers\FileHandler' driver.
INFO - 2023-12-16 08:55:20 --> Session: Class initialized using 'CodeIgniter\Session\Handlers\FileHandler' driver.
INFO - 2023-12-16 08:55:56 --> Session: Class initialized using 'CodeIgniter\Session\Handlers\FileHandler' driver.
INFO - 2023-12-16 15:33:04 --> Session: Class initialized using 'CodeIgniter\Session\Handlers\FileHandler' driver.
INFO - 2023-12-16 15:33:09 --> Session: Class initialized using 'CodeIgniter\Session\Handlers\FileHandler' driver.
INFO - 2023-12-16 15:33:09 --> Session: Class initialized using 'CodeIgniter\Session\Handlers\FileHandler' driver.
INFO - 2023-12-16 15:33:13 --> Session: Class initialized using 'CodeIgniter\Session\Handlers\FileHandler' driver.
INFO - 2023-12-16 16:40:53 --> Session: Class initialized using 'CodeIgniter\Session\Handlers\FileHandler' driver.
CRITICAL - 2023-12-16 16:42:10 --> Undefined array key "id"
in APPPATH/Controllers/TransactionAPI.php on line 19.
 1 APPPATH/Controllers/TransactionAPI.php(19): CodeIgniter\Debug\Exceptions->errorHandler(2, 'Undefined array key "id"', '/Users/alzaidan/Documents/tst/codeigniter4-framework-a033985/app/Controllers/TransactionAPI.php', 19)
 2 SYSTEMPATH/CodeIgniter.php(942): App\Controllers\TransactionAPI->index()
 3 SYSTEMPATH/CodeIgniter.php(502): CodeIgniter\CodeIgniter->runController(Object(App\Controllers\TransactionAPI))
 4 SYSTEMPATH/CodeIgniter.php(361): CodeIgniter\CodeIgniter->handleRequest(null, Object(Config\Cache), false)
 5 FCPATH/index.php(79): CodeIgniter\CodeIgniter->run()
 6 SYSTEMPATH/Commands/Server/rewrite.php(47): require_once('/Users/alzaidan/Documents/tst/codeigniter4-framework-a033985/public/index.php')
CRITICAL - 2023-12-16 16:42:54 --> Undefined array key "id"
in APPPATH/Controllers/TransactionAPI.php on line 19.
 1 APPPATH/Controllers/TransactionAPI.php(19): CodeIgniter\Debug\Exceptions->errorHandler(2, 'Undefined array key "id"', '/Users/alzaidan/Documents/tst/codeigniter4-framework-a033985/app/Controllers/TransactionAPI.php', 19)
 2 SYSTEMPATH/CodeIgniter.php(942): App\Controllers\TransactionAPI->index()
 3 SYSTEMPATH/CodeIgniter.php(502): CodeIgniter\CodeIgniter->runController(Object(App\Controllers\TransactionAPI))
 4 SYSTEMPATH/CodeIgniter.php(361): CodeIgniter\CodeIgniter->handleRequest(null, Object(Config\Cache), false)
 5 FCPATH/index.php(79): CodeIgniter\CodeIgniter->run()
 6 SYSTEMPATH/Commands/Server/rewrite.php(47): require_once('/Users/alzaidan/Documents/tst/codeigniter4-framework-a033985/public/index.php')
CRITICAL - 2023-12-16 16:43:22 --> Undefined array key "id"
in APPPATH/Controllers/TransactionAPI.php on line 19.
 1 APPPATH/Controllers/TransactionAPI.php(19): CodeIgniter\Debug\Exceptions->errorHandler(2, 'Undefined array key "id"', '/Users/alzaidan/Documents/tst/codeigniter4-framework-a033985/app/Controllers/TransactionAPI.php', 19)
 2 SYSTEMPATH/CodeIgniter.php(942): App\Controllers\TransactionAPI->index()
 3 SYSTEMPATH/CodeIgniter.php(502): CodeIgniter\CodeIgniter->runController(Object(App\Controllers\TransactionAPI))
 4 SYSTEMPATH/CodeIgniter.php(361): CodeIgniter\CodeIgniter->handleRequest(null, Object(Config\Cache), false)
 5 FCPATH/index.php(79): CodeIgniter\CodeIgniter->run()
 6 SYSTEMPATH/Commands/Server/rewrite.php(47): require_once('/Users/alzaidan/Documents/tst/codeigniter4-framework-a033985/public/index.php')
CRITICAL - 2023-12-16 16:43:25 --> Undefined array key "id"
in APPPATH/Controllers/TransactionAPI.php on line 19.
 1 APPPATH/Controllers/TransactionAPI.php(19): CodeIgniter\Debug\Exceptions->errorHandler(2, 'Undefined array key "id"', '/Users/alzaidan/Documents/tst/codeigniter4-framework-a033985/app/Controllers/TransactionAPI.php', 19)
 2 SYSTEMPATH/CodeIgniter.php(942): App\Controllers\TransactionAPI->index()
 3 SYSTEMPATH/CodeIgniter.php(502): CodeIgniter\CodeIgniter->runController(Object(App\Controllers\TransactionAPI))
 4 SYSTEMPATH/CodeIgniter.php(361): CodeIgniter\CodeIgniter->handleRequest(null, Object(Config\Cache), false)
 5 FCPATH/index.php(79): CodeIgniter\CodeIgniter->run()
 6 SYSTEMPATH/Commands/Server/rewrite.php(47): require_once('/Users/alzaidan/Documents/tst/codeigniter4-framework-a033985/public/index.php')
CRITICAL - 2023-12-16 16:45:58 --> Undefined array key "id"
in APPPATH/Controllers/TransactionAPI.php on line 20.
 1 APPPATH/Controllers/TransactionAPI.php(20): CodeIgniter\Debug\Exceptions->errorHandler(2, 'Undefined array key "id"', '/Users/alzaidan/Documents/tst/codeigniter4-framework-a033985/app/Controllers/TransactionAPI.php', 20)
 2 SYSTEMPATH/CodeIgniter.php(942): App\Controllers\TransactionAPI->index()
 3 SYSTEMPATH/CodeIgniter.php(502): CodeIgniter\CodeIgniter->runController(Object(App\Controllers\TransactionAPI))
 4 SYSTEMPATH/CodeIgniter.php(361): CodeIgniter\CodeIgniter->handleRequest(null, Object(Config\Cache), false)
 5 FCPATH/index.php(79): CodeIgniter\CodeIgniter->run()
 6 SYSTEMPATH/Commands/Server/rewrite.php(47): require_once('/Users/alzaidan/Documents/tst/codeigniter4-framework-a033985/public/index.php')
CRITICAL - 2023-12-16 16:46:51 --> Array to string conversion
in APPPATH/Controllers/TransactionAPI.php on line 16.
 1 APPPATH/Controllers/TransactionAPI.php(16): CodeIgniter\Debug\Exceptions->errorHandler(2, 'Array to string conversion', '/Users/alzaidan/Documents/tst/codeigniter4-framework-a033985/app/Controllers/TransactionAPI.php', 16)
 2 SYSTEMPATH/CodeIgniter.php(942): App\Controllers\TransactionAPI->index()
 3 SYSTEMPATH/CodeIgniter.php(502): CodeIgniter\CodeIgniter->runController(Object(App\Controllers\TransactionAPI))
 4 SYSTEMPATH/CodeIgniter.php(361): CodeIgniter\CodeIgniter->handleRequest(null, Object(Config\Cache), false)
 5 FCPATH/index.php(79): CodeIgniter\CodeIgniter->run()
 6 SYSTEMPATH/Commands/Server/rewrite.php(47): require_once('/Users/alzaidan/Documents/tst/codeigniter4-framework-a033985/public/index.php')
CRITICAL - 2023-12-16 16:48:48 --> Call to undefined method App\Models\BookModel::updateBook
in SYSTEMPATH/Model.php on line 873.
 1 APPPATH/Controllers/TransactionAPI.php(35): CodeIgniter\Model->__call('updateBook', [...])
 2 SYSTEMPATH/CodeIgniter.php(942): App\Controllers\TransactionAPI->index()
 3 SYSTEMPATH/CodeIgniter.php(502): CodeIgniter\CodeIgniter->runController(Object(App\Controllers\TransactionAPI))
 4 SYSTEMPATH/CodeIgniter.php(361): CodeIgniter\CodeIgniter->handleRequest(null, Object(Config\Cache), false)
 5 FCPATH/index.php(79): CodeIgniter\CodeIgniter->run()
 6 SYSTEMPATH/Commands/Server/rewrite.php(47): require_once('/Users/alzaidan/Documents/tst/codeigniter4-framework-a033985/public/index.php')
INFO - 2023-12-16 17:37:38 --> Session: Class initialized using 'CodeIgniter\Session\Handlers\FileHandler' driver.
INFO - 2023-12-16 17:37:42 --> Session: Class initialized using 'CodeIgniter\Session\Handlers\FileHandler' driver.
INFO - 2023-12-16 17:37:42 --> Session: Class initialized using 'CodeIgniter\Session\Handlers\FileHandler' driver.
INFO - 2023-12-16 17:37:45 --> Session: Class initialized using 'CodeIgniter\Session\Handlers\FileHandler' driver.
INFO - 2023-12-16 17:37:46 --> Session: Class initialized using 'CodeIgniter\Session\Handlers\FileHandler' driver.
INFO - 2023-12-16 17:37:50 --> Session: Class initialized using 'CodeIgniter\Session\Handlers\FileHandler' driver.
INFO - 2023-12-16 17:37:52 --> Session: Class initialized using 'CodeIgniter\Session\Handlers\FileHandler' driver.
INFO - 2023-12-16 17:37:54 --> Session: Class initialized using 'CodeIgniter\Session\Handlers\FileHandler' driver.
