CRITICAL - 2023-12-13 15:49:11 --> Undefined variable $movie
in APPPATH/Views/pages/home.php on line 24.
 1 APPPATH/Views/pages/home.php(24): CodeIgniter\Debug\Exceptions->errorHandler(2, 'Undefined variable $movie', '/Users/alzaidan/Documents/tst/codeigniter4-framework-a033985/app/Views/pages/home.php', 24)
 2 SYSTEMPATH/View/View.php(228): include('/Users/alzaidan/Documents/tst/codeigniter4-framework-a033985/app/Views/pages/home.php')
 3 SYSTEMPATH/View/View.php(231): CodeIgniter\View\View->CodeIgniter\View\{closure}()
 4 SYSTEMPATH/Common.php(1190): CodeIgniter\View\View->render('pages/home', [], true)
 5 APPPATH/Controllers/Home.php(23): view('pages/home')
 6 SYSTEMPATH/CodeIgniter.php(942): App\Controllers\Home->index()
 7 SYSTEMPATH/CodeIgniter.php(502): CodeIgniter\CodeIgniter->runController(Object(App\Controllers\Home))
 8 SYSTEMPATH/CodeIgniter.php(361): CodeIgniter\CodeIgniter->handleRequest(null, Object(Config\Cache), false)
 9 FCPATH/index.php(79): CodeIgniter\CodeIgniter->run()
10 SYSTEMPATH/Commands/Server/rewrite.php(47): require_once('/Users/alzaidan/Documents/tst/codeigniter4-framework-a033985/public/index.php')
CRITICAL - 2023-12-13 15:50:37 --> Undefined variable $books
in APPPATH/Views/pages/home.php on line 25.
 1 APPPATH/Views/pages/home.php(25): CodeIgniter\Debug\Exceptions->errorHandler(2, 'Undefined variable $books', '/Users/alzaidan/Documents/tst/codeigniter4-framework-a033985/app/Views/pages/home.php', 25)
 2 SYSTEMPATH/View/View.php(228): include('/Users/alzaidan/Documents/tst/codeigniter4-framework-a033985/app/Views/pages/home.php')
 3 SYSTEMPATH/View/View.php(231): CodeIgniter\View\View->CodeIgniter\View\{closure}()
 4 SYSTEMPATH/Common.php(1190): CodeIgniter\View\View->render('pages/home', [], true)
 5 APPPATH/Controllers/Home.php(23): view('pages/home')
 6 SYSTEMPATH/CodeIgniter.php(942): App\Controllers\Home->index()
 7 SYSTEMPATH/CodeIgniter.php(502): CodeIgniter\CodeIgniter->runController(Object(App\Controllers\Home))
 8 SYSTEMPATH/CodeIgniter.php(361): CodeIgniter\CodeIgniter->handleRequest(null, Object(Config\Cache), false)
 9 FCPATH/index.php(79): CodeIgniter\CodeIgniter->run()
10 SYSTEMPATH/Commands/Server/rewrite.php(47): require_once('/Users/alzaidan/Documents/tst/codeigniter4-framework-a033985/public/index.php')
CRITICAL - 2023-12-13 15:51:26 --> Undefined array key "id"
in APPPATH/Views/pages/home.php on line 25.
 1 APPPATH/Views/pages/home.php(25): CodeIgniter\Debug\Exceptions->errorHandler(2, 'Undefined array key "id"', '/Users/alzaidan/Documents/tst/codeigniter4-framework-a033985/app/Views/pages/home.php', 25)
 2 SYSTEMPATH/View/View.php(228): include('/Users/alzaidan/Documents/tst/codeigniter4-framework-a033985/app/Views/pages/home.php')
 3 SYSTEMPATH/View/View.php(231): CodeIgniter\View\View->CodeIgniter\View\{closure}()
 4 SYSTEMPATH/Common.php(1190): CodeIgniter\View\View->render('pages/home', [], true)
 5 APPPATH/Controllers/Home.php(23): view('pages/home', [...])
 6 SYSTEMPATH/CodeIgniter.php(942): App\Controllers\Home->index()
 7 SYSTEMPATH/CodeIgniter.php(502): CodeIgniter\CodeIgniter->runController(Object(App\Controllers\Home))
 8 SYSTEMPATH/CodeIgniter.php(361): CodeIgniter\CodeIgniter->handleRequest(null, Object(Config\Cache), false)
 9 FCPATH/index.php(79): CodeIgniter\CodeIgniter->run()
10 SYSTEMPATH/Commands/Server/rewrite.php(47): require_once('/Users/alzaidan/Documents/tst/codeigniter4-framework-a033985/public/index.php')
CRITICAL - 2023-12-13 15:51:27 --> Undefined array key "id"
in APPPATH/Views/pages/home.php on line 25.
 1 APPPATH/Views/pages/home.php(25): CodeIgniter\Debug\Exceptions->errorHandler(2, 'Undefined array key "id"', '/Users/alzaidan/Documents/tst/codeigniter4-framework-a033985/app/Views/pages/home.php', 25)
 2 SYSTEMPATH/View/View.php(228): include('/Users/alzaidan/Documents/tst/codeigniter4-framework-a033985/app/Views/pages/home.php')
 3 SYSTEMPATH/View/View.php(231): CodeIgniter\View\View->CodeIgniter\View\{closure}()
 4 SYSTEMPATH/Common.php(1190): CodeIgniter\View\View->render('pages/home', [], true)
 5 APPPATH/Controllers/Home.php(23): view('pages/home', [...])
 6 SYSTEMPATH/CodeIgniter.php(942): App\Controllers\Home->index()
 7 SYSTEMPATH/CodeIgniter.php(502): CodeIgniter\CodeIgniter->runController(Object(App\Controllers\Home))
 8 SYSTEMPATH/CodeIgniter.php(361): CodeIgniter\CodeIgniter->handleRequest(null, Object(Config\Cache), false)
 9 FCPATH/index.php(79): CodeIgniter\CodeIgniter->run()
10 SYSTEMPATH/Commands/Server/rewrite.php(47): require_once('/Users/alzaidan/Documents/tst/codeigniter4-framework-a033985/public/index.php')
CRITICAL - 2023-12-13 15:53:51 --> Array to string conversion
in APPPATH/Views/pages/home.php on line 25.
 1 APPPATH/Views/pages/home.php(25): CodeIgniter\Debug\Exceptions->errorHandler(2, 'Array to string conversion', '/Users/alzaidan/Documents/tst/codeigniter4-framework-a033985/app/Views/pages/home.php', 25)
 2 SYSTEMPATH/View/View.php(228): include('/Users/alzaidan/Documents/tst/codeigniter4-framework-a033985/app/Views/pages/home.php')
 3 SYSTEMPATH/View/View.php(231): CodeIgniter\View\View->CodeIgniter\View\{closure}()
 4 SYSTEMPATH/Common.php(1190): CodeIgniter\View\View->render('pages/home', [], true)
 5 APPPATH/Controllers/Home.php(23): view('pages/home', [...])
 6 SYSTEMPATH/CodeIgniter.php(942): App\Controllers\Home->index()
 7 SYSTEMPATH/CodeIgniter.php(502): CodeIgniter\CodeIgniter->runController(Object(App\Controllers\Home))
 8 SYSTEMPATH/CodeIgniter.php(361): CodeIgniter\CodeIgniter->handleRequest(null, Object(Config\Cache), false)
 9 FCPATH/index.php(79): CodeIgniter\CodeIgniter->run()
10 SYSTEMPATH/Commands/Server/rewrite.php(47): require_once('/Users/alzaidan/Documents/tst/codeigniter4-framework-a033985/public/index.php')
CRITICAL - 2023-12-13 15:54:22 --> Undefined array key "judul"
in APPPATH/Views/pages/home.php on line 25.
 1 APPPATH/Views/pages/home.php(25): CodeIgniter\Debug\Exceptions->errorHandler(2, 'Undefined array key "judul"', '/Users/alzaidan/Documents/tst/codeigniter4-framework-a033985/app/Views/pages/home.php', 25)
 2 SYSTEMPATH/View/View.php(228): include('/Users/alzaidan/Documents/tst/codeigniter4-framework-a033985/app/Views/pages/home.php')
 3 SYSTEMPATH/View/View.php(231): CodeIgniter\View\View->CodeIgniter\View\{closure}()
 4 SYSTEMPATH/Common.php(1190): CodeIgniter\View\View->render('pages/home', [], true)
 5 APPPATH/Controllers/Home.php(23): view('pages/home', [...])
 6 SYSTEMPATH/CodeIgniter.php(942): App\Controllers\Home->index()
 7 SYSTEMPATH/CodeIgniter.php(502): CodeIgniter\CodeIgniter->runController(Object(App\Controllers\Home))
 8 SYSTEMPATH/CodeIgniter.php(361): CodeIgniter\CodeIgniter->handleRequest(null, Object(Config\Cache), false)
 9 FCPATH/index.php(79): CodeIgniter\CodeIgniter->run()
10 SYSTEMPATH/Commands/Server/rewrite.php(47): require_once('/Users/alzaidan/Documents/tst/codeigniter4-framework-a033985/public/index.php')
CRITICAL - 2023-12-13 15:56:01 --> Undefined array key "id"
in APPPATH/Views/pages/home.php on line 25.
 1 APPPATH/Views/pages/home.php(25): CodeIgniter\Debug\Exceptions->errorHandler(2, 'Undefined array key "id"', '/Users/alzaidan/Documents/tst/codeigniter4-framework-a033985/app/Views/pages/home.php', 25)
 2 SYSTEMPATH/View/View.php(228): include('/Users/alzaidan/Documents/tst/codeigniter4-framework-a033985/app/Views/pages/home.php')
 3 SYSTEMPATH/View/View.php(231): CodeIgniter\View\View->CodeIgniter\View\{closure}()
 4 SYSTEMPATH/Common.php(1190): CodeIgniter\View\View->render('pages/home', [], true)
 5 APPPATH/Controllers/Home.php(23): view('pages/home', [...])
 6 SYSTEMPATH/CodeIgniter.php(942): App\Controllers\Home->index()
 7 SYSTEMPATH/CodeIgniter.php(502): CodeIgniter\CodeIgniter->runController(Object(App\Controllers\Home))
 8 SYSTEMPATH/CodeIgniter.php(361): CodeIgniter\CodeIgniter->handleRequest(null, Object(Config\Cache), false)
 9 FCPATH/index.php(79): CodeIgniter\CodeIgniter->run()
10 SYSTEMPATH/Commands/Server/rewrite.php(47): require_once('/Users/alzaidan/Documents/tst/codeigniter4-framework-a033985/public/index.php')
CRITICAL - 2023-12-13 15:57:07 --> Undefined array key "id"
in APPPATH/Views/pages/home.php on line 25.
 1 APPPATH/Views/pages/home.php(25): CodeIgniter\Debug\Exceptions->errorHandler(2, 'Undefined array key "id"', '/Users/alzaidan/Documents/tst/codeigniter4-framework-a033985/app/Views/pages/home.php', 25)
 2 SYSTEMPATH/View/View.php(228): include('/Users/alzaidan/Documents/tst/codeigniter4-framework-a033985/app/Views/pages/home.php')
 3 SYSTEMPATH/View/View.php(231): CodeIgniter\View\View->CodeIgniter\View\{closure}()
 4 SYSTEMPATH/Common.php(1190): CodeIgniter\View\View->render('pages/home', [], true)
 5 APPPATH/Controllers/Home.php(23): view('pages/home', [...])
 6 SYSTEMPATH/CodeIgniter.php(942): App\Controllers\Home->index()
 7 SYSTEMPATH/CodeIgniter.php(502): CodeIgniter\CodeIgniter->runController(Object(App\Controllers\Home))
 8 SYSTEMPATH/CodeIgniter.php(361): CodeIgniter\CodeIgniter->handleRequest(null, Object(Config\Cache), false)
 9 FCPATH/index.php(79): CodeIgniter\CodeIgniter->run()
10 SYSTEMPATH/Commands/Server/rewrite.php(47): require_once('/Users/alzaidan/Documents/tst/codeigniter4-framework-a033985/public/index.php')
CRITICAL - 2023-12-13 15:57:09 --> Undefined array key "id"
in APPPATH/Views/pages/home.php on line 25.
 1 APPPATH/Views/pages/home.php(25): CodeIgniter\Debug\Exceptions->errorHandler(2, 'Undefined array key "id"', '/Users/alzaidan/Documents/tst/codeigniter4-framework-a033985/app/Views/pages/home.php', 25)
 2 SYSTEMPATH/View/View.php(228): include('/Users/alzaidan/Documents/tst/codeigniter4-framework-a033985/app/Views/pages/home.php')
 3 SYSTEMPATH/View/View.php(231): CodeIgniter\View\View->CodeIgniter\View\{closure}()
 4 SYSTEMPATH/Common.php(1190): CodeIgniter\View\View->render('pages/home', [], true)
 5 APPPATH/Controllers/Home.php(23): view('pages/home', [...])
 6 SYSTEMPATH/CodeIgniter.php(942): App\Controllers\Home->index()
 7 SYSTEMPATH/CodeIgniter.php(502): CodeIgniter\CodeIgniter->runController(Object(App\Controllers\Home))
 8 SYSTEMPATH/CodeIgniter.php(361): CodeIgniter\CodeIgniter->handleRequest(null, Object(Config\Cache), false)
 9 FCPATH/index.php(79): CodeIgniter\CodeIgniter->run()
10 SYSTEMPATH/Commands/Server/rewrite.php(47): require_once('/Users/alzaidan/Documents/tst/codeigniter4-framework-a033985/public/index.php')
CRITICAL - 2023-12-13 15:57:10 --> Undefined array key "id"
in APPPATH/Views/pages/home.php on line 25.
 1 APPPATH/Views/pages/home.php(25): CodeIgniter\Debug\Exceptions->errorHandler(2, 'Undefined array key "id"', '/Users/alzaidan/Documents/tst/codeigniter4-framework-a033985/app/Views/pages/home.php', 25)
 2 SYSTEMPATH/View/View.php(228): include('/Users/alzaidan/Documents/tst/codeigniter4-framework-a033985/app/Views/pages/home.php')
 3 SYSTEMPATH/View/View.php(231): CodeIgniter\View\View->CodeIgniter\View\{closure}()
 4 SYSTEMPATH/Common.php(1190): CodeIgniter\View\View->render('pages/home', [], true)
 5 APPPATH/Controllers/Home.php(23): view('pages/home', [...])
 6 SYSTEMPATH/CodeIgniter.php(942): App\Controllers\Home->index()
 7 SYSTEMPATH/CodeIgniter.php(502): CodeIgniter\CodeIgniter->runController(Object(App\Controllers\Home))
 8 SYSTEMPATH/CodeIgniter.php(361): CodeIgniter\CodeIgniter->handleRequest(null, Object(Config\Cache), false)
 9 FCPATH/index.php(79): CodeIgniter\CodeIgniter->run()
10 SYSTEMPATH/Commands/Server/rewrite.php(47): require_once('/Users/alzaidan/Documents/tst/codeigniter4-framework-a033985/public/index.php')
CRITICAL - 2023-12-13 15:57:10 --> Undefined array key "id"
in APPPATH/Views/pages/home.php on line 25.
 1 APPPATH/Views/pages/home.php(25): CodeIgniter\Debug\Exceptions->errorHandler(2, 'Undefined array key "id"', '/Users/alzaidan/Documents/tst/codeigniter4-framework-a033985/app/Views/pages/home.php', 25)
 2 SYSTEMPATH/View/View.php(228): include('/Users/alzaidan/Documents/tst/codeigniter4-framework-a033985/app/Views/pages/home.php')
 3 SYSTEMPATH/View/View.php(231): CodeIgniter\View\View->CodeIgniter\View\{closure}()
 4 SYSTEMPATH/Common.php(1190): CodeIgniter\View\View->render('pages/home', [], true)
 5 APPPATH/Controllers/Home.php(23): view('pages/home', [...])
 6 SYSTEMPATH/CodeIgniter.php(942): App\Controllers\Home->index()
 7 SYSTEMPATH/CodeIgniter.php(502): CodeIgniter\CodeIgniter->runController(Object(App\Controllers\Home))
 8 SYSTEMPATH/CodeIgniter.php(361): CodeIgniter\CodeIgniter->handleRequest(null, Object(Config\Cache), false)
 9 FCPATH/index.php(79): CodeIgniter\CodeIgniter->run()
10 SYSTEMPATH/Commands/Server/rewrite.php(47): require_once('/Users/alzaidan/Documents/tst/codeigniter4-framework-a033985/public/index.php')
CRITICAL - 2023-12-13 15:57:23 --> Undefined array key "id"
in APPPATH/Views/pages/home.php on line 25.
 1 APPPATH/Views/pages/home.php(25): CodeIgniter\Debug\Exceptions->errorHandler(2, 'Undefined array key "id"', '/Users/alzaidan/Documents/tst/codeigniter4-framework-a033985/app/Views/pages/home.php', 25)
 2 SYSTEMPATH/View/View.php(228): include('/Users/alzaidan/Documents/tst/codeigniter4-framework-a033985/app/Views/pages/home.php')
 3 SYSTEMPATH/View/View.php(231): CodeIgniter\View\View->CodeIgniter\View\{closure}()
 4 SYSTEMPATH/Common.php(1190): CodeIgniter\View\View->render('pages/home', [], true)
 5 APPPATH/Controllers/Home.php(23): view('pages/home', [...])
 6 SYSTEMPATH/CodeIgniter.php(942): App\Controllers\Home->index()
 7 SYSTEMPATH/CodeIgniter.php(502): CodeIgniter\CodeIgniter->runController(Object(App\Controllers\Home))
 8 SYSTEMPATH/CodeIgniter.php(361): CodeIgniter\CodeIgniter->handleRequest(null, Object(Config\Cache), false)
 9 FCPATH/index.php(79): CodeIgniter\CodeIgniter->run()
10 SYSTEMPATH/Commands/Server/rewrite.php(47): require_once('/Users/alzaidan/Documents/tst/codeigniter4-framework-a033985/public/index.php')
CRITICAL - 2023-12-13 15:57:24 --> Undefined array key "id"
in APPPATH/Views/pages/home.php on line 25.
 1 APPPATH/Views/pages/home.php(25): CodeIgniter\Debug\Exceptions->errorHandler(2, 'Undefined array key "id"', '/Users/alzaidan/Documents/tst/codeigniter4-framework-a033985/app/Views/pages/home.php', 25)
 2 SYSTEMPATH/View/View.php(228): include('/Users/alzaidan/Documents/tst/codeigniter4-framework-a033985/app/Views/pages/home.php')
 3 SYSTEMPATH/View/View.php(231): CodeIgniter\View\View->CodeIgniter\View\{closure}()
 4 SYSTEMPATH/Common.php(1190): CodeIgniter\View\View->render('pages/home', [], true)
 5 APPPATH/Controllers/Home.php(23): view('pages/home', [...])
 6 SYSTEMPATH/CodeIgniter.php(942): App\Controllers\Home->index()
 7 SYSTEMPATH/CodeIgniter.php(502): CodeIgniter\CodeIgniter->runController(Object(App\Controllers\Home))
 8 SYSTEMPATH/CodeIgniter.php(361): CodeIgniter\CodeIgniter->handleRequest(null, Object(Config\Cache), false)
 9 FCPATH/index.php(79): CodeIgniter\CodeIgniter->run()
10 SYSTEMPATH/Commands/Server/rewrite.php(47): require_once('/Users/alzaidan/Documents/tst/codeigniter4-framework-a033985/public/index.php')
CRITICAL - 2023-12-13 15:57:24 --> Undefined array key "id"
in APPPATH/Views/pages/home.php on line 25.
 1 APPPATH/Views/pages/home.php(25): CodeIgniter\Debug\Exceptions->errorHandler(2, 'Undefined array key "id"', '/Users/alzaidan/Documents/tst/codeigniter4-framework-a033985/app/Views/pages/home.php', 25)
 2 SYSTEMPATH/View/View.php(228): include('/Users/alzaidan/Documents/tst/codeigniter4-framework-a033985/app/Views/pages/home.php')
 3 SYSTEMPATH/View/View.php(231): CodeIgniter\View\View->CodeIgniter\View\{closure}()
 4 SYSTEMPATH/Common.php(1190): CodeIgniter\View\View->render('pages/home', [], true)
 5 APPPATH/Controllers/Home.php(23): view('pages/home', [...])
 6 SYSTEMPATH/CodeIgniter.php(942): App\Controllers\Home->index()
 7 SYSTEMPATH/CodeIgniter.php(502): CodeIgniter\CodeIgniter->runController(Object(App\Controllers\Home))
 8 SYSTEMPATH/CodeIgniter.php(361): CodeIgniter\CodeIgniter->handleRequest(null, Object(Config\Cache), false)
 9 FCPATH/index.php(79): CodeIgniter\CodeIgniter->run()
10 SYSTEMPATH/Commands/Server/rewrite.php(47): require_once('/Users/alzaidan/Documents/tst/codeigniter4-framework-a033985/public/index.php')
CRITICAL - 2023-12-13 15:57:45 --> Array to string conversion
in APPPATH/Views/pages/home.php on line 25.
 1 [internal function]: CodeIgniter\Debug\Exceptions->errorHandler(2, 'Array to string conversion', '/Users/alzaidan/Documents/tst/codeigniter4-framework-a033985/app/Views/pages/home.php', 25)
 2 APPPATH/Views/pages/home.php(25): implode('', [...])
 3 SYSTEMPATH/View/View.php(228): include('/Users/alzaidan/Documents/tst/codeigniter4-framework-a033985/app/Views/pages/home.php')
 4 SYSTEMPATH/View/View.php(231): CodeIgniter\View\View->CodeIgniter\View\{closure}()
 5 SYSTEMPATH/Common.php(1190): CodeIgniter\View\View->render('pages/home', [], true)
 6 APPPATH/Controllers/Home.php(23): view('pages/home', [...])
 7 SYSTEMPATH/CodeIgniter.php(942): App\Controllers\Home->index()
 8 SYSTEMPATH/CodeIgniter.php(502): CodeIgniter\CodeIgniter->runController(Object(App\Controllers\Home))
 9 SYSTEMPATH/CodeIgniter.php(361): CodeIgniter\CodeIgniter->handleRequest(null, Object(Config\Cache), false)
10 FCPATH/index.php(79): CodeIgniter\CodeIgniter->run()
11 SYSTEMPATH/Commands/Server/rewrite.php(47): require_once('/Users/alzaidan/Documents/tst/codeigniter4-framework-a033985/public/index.php')
CRITICAL - 2023-12-13 15:57:46 --> Array to string conversion
in APPPATH/Views/pages/home.php on line 25.
 1 [internal function]: CodeIgniter\Debug\Exceptions->errorHandler(2, 'Array to string conversion', '/Users/alzaidan/Documents/tst/codeigniter4-framework-a033985/app/Views/pages/home.php', 25)
 2 APPPATH/Views/pages/home.php(25): implode('', [...])
 3 SYSTEMPATH/View/View.php(228): include('/Users/alzaidan/Documents/tst/codeigniter4-framework-a033985/app/Views/pages/home.php')
 4 SYSTEMPATH/View/View.php(231): CodeIgniter\View\View->CodeIgniter\View\{closure}()
 5 SYSTEMPATH/Common.php(1190): CodeIgniter\View\View->render('pages/home', [], true)
 6 APPPATH/Controllers/Home.php(23): view('pages/home', [...])
 7 SYSTEMPATH/CodeIgniter.php(942): App\Controllers\Home->index()
 8 SYSTEMPATH/CodeIgniter.php(502): CodeIgniter\CodeIgniter->runController(Object(App\Controllers\Home))
 9 SYSTEMPATH/CodeIgniter.php(361): CodeIgniter\CodeIgniter->handleRequest(null, Object(Config\Cache), false)
10 FCPATH/index.php(79): CodeIgniter\CodeIgniter->run()
11 SYSTEMPATH/Commands/Server/rewrite.php(47): require_once('/Users/alzaidan/Documents/tst/codeigniter4-framework-a033985/public/index.php')
CRITICAL - 2023-12-13 15:57:57 --> explode(): Argument #2 ($string) must be of type string, array given
in APPPATH/Views/pages/home.php on line 25.
 1 APPPATH/Views/pages/home.php(25): explode('', [...])
 2 SYSTEMPATH/View/View.php(228): include('/Users/alzaidan/Documents/tst/codeigniter4-framework-a033985/app/Views/pages/home.php')
 3 SYSTEMPATH/View/View.php(231): CodeIgniter\View\View->CodeIgniter\View\{closure}()
 4 SYSTEMPATH/Common.php(1190): CodeIgniter\View\View->render('pages/home', [], true)
 5 APPPATH/Controllers/Home.php(23): view('pages/home', [...])
 6 SYSTEMPATH/CodeIgniter.php(942): App\Controllers\Home->index()
 7 SYSTEMPATH/CodeIgniter.php(502): CodeIgniter\CodeIgniter->runController(Object(App\Controllers\Home))
 8 SYSTEMPATH/CodeIgniter.php(361): CodeIgniter\CodeIgniter->handleRequest(null, Object(Config\Cache), false)
 9 FCPATH/index.php(79): CodeIgniter\CodeIgniter->run()
10 SYSTEMPATH/Commands/Server/rewrite.php(47): require_once('/Users/alzaidan/Documents/tst/codeigniter4-framework-a033985/public/index.php')
CRITICAL - 2023-12-13 15:58:13 --> Array to string conversion
in APPPATH/Views/pages/home.php on line 25.
 1 [internal function]: CodeIgniter\Debug\Exceptions->errorHandler(2, 'Array to string conversion', '/Users/alzaidan/Documents/tst/codeigniter4-framework-a033985/app/Views/pages/home.php', 25)
 2 APPPATH/Views/pages/home.php(25): implode(', ', [...])
 3 SYSTEMPATH/View/View.php(228): include('/Users/alzaidan/Documents/tst/codeigniter4-framework-a033985/app/Views/pages/home.php')
 4 SYSTEMPATH/View/View.php(231): CodeIgniter\View\View->CodeIgniter\View\{closure}()
 5 SYSTEMPATH/Common.php(1190): CodeIgniter\View\View->render('pages/home', [], true)
 6 APPPATH/Controllers/Home.php(23): view('pages/home', [...])
 7 SYSTEMPATH/CodeIgniter.php(942): App\Controllers\Home->index()
 8 SYSTEMPATH/CodeIgniter.php(502): CodeIgniter\CodeIgniter->runController(Object(App\Controllers\Home))
 9 SYSTEMPATH/CodeIgniter.php(361): CodeIgniter\CodeIgniter->handleRequest(null, Object(Config\Cache), false)
10 FCPATH/index.php(79): CodeIgniter\CodeIgniter->run()
11 SYSTEMPATH/Commands/Server/rewrite.php(47): require_once('/Users/alzaidan/Documents/tst/codeigniter4-framework-a033985/public/index.php')
CRITICAL - 2023-12-13 15:59:14 --> Array to string conversion
in APPPATH/Views/pages/home.php on line 25.
 1 APPPATH/Views/pages/home.php(25): CodeIgniter\Debug\Exceptions->errorHandler(2, 'Array to string conversion', '/Users/alzaidan/Documents/tst/codeigniter4-framework-a033985/app/Views/pages/home.php', 25)
 2 SYSTEMPATH/View/View.php(228): include('/Users/alzaidan/Documents/tst/codeigniter4-framework-a033985/app/Views/pages/home.php')
 3 SYSTEMPATH/View/View.php(231): CodeIgniter\View\View->CodeIgniter\View\{closure}()
 4 SYSTEMPATH/Common.php(1190): CodeIgniter\View\View->render('pages/home', [], true)
 5 APPPATH/Controllers/Home.php(23): view('pages/home', [...])
 6 SYSTEMPATH/CodeIgniter.php(942): App\Controllers\Home->index()
 7 SYSTEMPATH/CodeIgniter.php(502): CodeIgniter\CodeIgniter->runController(Object(App\Controllers\Home))
 8 SYSTEMPATH/CodeIgniter.php(361): CodeIgniter\CodeIgniter->handleRequest(null, Object(Config\Cache), false)
 9 FCPATH/index.php(79): CodeIgniter\CodeIgniter->run()
10 SYSTEMPATH/Commands/Server/rewrite.php(47): require_once('/Users/alzaidan/Documents/tst/codeigniter4-framework-a033985/public/index.php')
CRITICAL - 2023-12-13 15:59:15 --> Array to string conversion
in APPPATH/Views/pages/home.php on line 25.
 1 APPPATH/Views/pages/home.php(25): CodeIgniter\Debug\Exceptions->errorHandler(2, 'Array to string conversion', '/Users/alzaidan/Documents/tst/codeigniter4-framework-a033985/app/Views/pages/home.php', 25)
 2 SYSTEMPATH/View/View.php(228): include('/Users/alzaidan/Documents/tst/codeigniter4-framework-a033985/app/Views/pages/home.php')
 3 SYSTEMPATH/View/View.php(231): CodeIgniter\View\View->CodeIgniter\View\{closure}()
 4 SYSTEMPATH/Common.php(1190): CodeIgniter\View\View->render('pages/home', [], true)
 5 APPPATH/Controllers/Home.php(23): view('pages/home', [...])
 6 SYSTEMPATH/CodeIgniter.php(942): App\Controllers\Home->index()
 7 SYSTEMPATH/CodeIgniter.php(502): CodeIgniter\CodeIgniter->runController(Object(App\Controllers\Home))
 8 SYSTEMPATH/CodeIgniter.php(361): CodeIgniter\CodeIgniter->handleRequest(null, Object(Config\Cache), false)
 9 FCPATH/index.php(79): CodeIgniter\CodeIgniter->run()
10 SYSTEMPATH/Commands/Server/rewrite.php(47): require_once('/Users/alzaidan/Documents/tst/codeigniter4-framework-a033985/public/index.php')
CRITICAL - 2023-12-13 15:59:15 --> Array to string conversion
in APPPATH/Views/pages/home.php on line 25.
 1 APPPATH/Views/pages/home.php(25): CodeIgniter\Debug\Exceptions->errorHandler(2, 'Array to string conversion', '/Users/alzaidan/Documents/tst/codeigniter4-framework-a033985/app/Views/pages/home.php', 25)
 2 SYSTEMPATH/View/View.php(228): include('/Users/alzaidan/Documents/tst/codeigniter4-framework-a033985/app/Views/pages/home.php')
 3 SYSTEMPATH/View/View.php(231): CodeIgniter\View\View->CodeIgniter\View\{closure}()
 4 SYSTEMPATH/Common.php(1190): CodeIgniter\View\View->render('pages/home', [], true)
 5 APPPATH/Controllers/Home.php(23): view('pages/home', [...])
 6 SYSTEMPATH/CodeIgniter.php(942): App\Controllers\Home->index()
 7 SYSTEMPATH/CodeIgniter.php(502): CodeIgniter\CodeIgniter->runController(Object(App\Controllers\Home))
 8 SYSTEMPATH/CodeIgniter.php(361): CodeIgniter\CodeIgniter->handleRequest(null, Object(Config\Cache), false)
 9 FCPATH/index.php(79): CodeIgniter\CodeIgniter->run()
10 SYSTEMPATH/Commands/Server/rewrite.php(47): require_once('/Users/alzaidan/Documents/tst/codeigniter4-framework-a033985/public/index.php')
CRITICAL - 2023-12-13 15:59:17 --> Array to string conversion
in APPPATH/Views/pages/home.php on line 25.
 1 APPPATH/Views/pages/home.php(25): CodeIgniter\Debug\Exceptions->errorHandler(2, 'Array to string conversion', '/Users/alzaidan/Documents/tst/codeigniter4-framework-a033985/app/Views/pages/home.php', 25)
 2 SYSTEMPATH/View/View.php(228): include('/Users/alzaidan/Documents/tst/codeigniter4-framework-a033985/app/Views/pages/home.php')
 3 SYSTEMPATH/View/View.php(231): CodeIgniter\View\View->CodeIgniter\View\{closure}()
 4 SYSTEMPATH/Common.php(1190): CodeIgniter\View\View->render('pages/home', [], true)
 5 APPPATH/Controllers/Home.php(23): view('pages/home', [...])
 6 SYSTEMPATH/CodeIgniter.php(942): App\Controllers\Home->index()
 7 SYSTEMPATH/CodeIgniter.php(502): CodeIgniter\CodeIgniter->runController(Object(App\Controllers\Home))
 8 SYSTEMPATH/CodeIgniter.php(361): CodeIgniter\CodeIgniter->handleRequest(null, Object(Config\Cache), false)
 9 FCPATH/index.php(79): CodeIgniter\CodeIgniter->run()
10 SYSTEMPATH/Commands/Server/rewrite.php(47): require_once('/Users/alzaidan/Documents/tst/codeigniter4-framework-a033985/public/index.php')
CRITICAL - 2023-12-13 15:59:18 --> Array to string conversion
in APPPATH/Views/pages/home.php on line 25.
 1 APPPATH/Views/pages/home.php(25): CodeIgniter\Debug\Exceptions->errorHandler(2, 'Array to string conversion', '/Users/alzaidan/Documents/tst/codeigniter4-framework-a033985/app/Views/pages/home.php', 25)
 2 SYSTEMPATH/View/View.php(228): include('/Users/alzaidan/Documents/tst/codeigniter4-framework-a033985/app/Views/pages/home.php')
 3 SYSTEMPATH/View/View.php(231): CodeIgniter\View\View->CodeIgniter\View\{closure}()
 4 SYSTEMPATH/Common.php(1190): CodeIgniter\View\View->render('pages/home', [], true)
 5 APPPATH/Controllers/Home.php(23): view('pages/home', [...])
 6 SYSTEMPATH/CodeIgniter.php(942): App\Controllers\Home->index()
 7 SYSTEMPATH/CodeIgniter.php(502): CodeIgniter\CodeIgniter->runController(Object(App\Controllers\Home))
 8 SYSTEMPATH/CodeIgniter.php(361): CodeIgniter\CodeIgniter->handleRequest(null, Object(Config\Cache), false)
 9 FCPATH/index.php(79): CodeIgniter\CodeIgniter->run()
10 SYSTEMPATH/Commands/Server/rewrite.php(47): require_once('/Users/alzaidan/Documents/tst/codeigniter4-framework-a033985/public/index.php')
CRITICAL - 2023-12-13 16:00:21 --> Undefined array key "judul"
in APPPATH/Views/pages/home.php on line 29.
 1 APPPATH/Views/pages/home.php(29): CodeIgniter\Debug\Exceptions->errorHandler(2, 'Undefined array key "judul"', '/Users/alzaidan/Documents/tst/codeigniter4-framework-a033985/app/Views/pages/home.php', 29)
 2 SYSTEMPATH/View/View.php(228): include('/Users/alzaidan/Documents/tst/codeigniter4-framework-a033985/app/Views/pages/home.php')
 3 SYSTEMPATH/View/View.php(231): CodeIgniter\View\View->CodeIgniter\View\{closure}()
 4 SYSTEMPATH/Common.php(1190): CodeIgniter\View\View->render('pages/home', [], true)
 5 APPPATH/Controllers/Home.php(23): view('pages/home', [...])
 6 SYSTEMPATH/CodeIgniter.php(942): App\Controllers\Home->index()
 7 SYSTEMPATH/CodeIgniter.php(502): CodeIgniter\CodeIgniter->runController(Object(App\Controllers\Home))
 8 SYSTEMPATH/CodeIgniter.php(361): CodeIgniter\CodeIgniter->handleRequest(null, Object(Config\Cache), false)
 9 FCPATH/index.php(79): CodeIgniter\CodeIgniter->run()
10 SYSTEMPATH/Commands/Server/rewrite.php(47): require_once('/Users/alzaidan/Documents/tst/codeigniter4-framework-a033985/public/index.php')
CRITICAL - 2023-12-13 16:05:00 --> Undefined array key "cover"
in APPPATH/Views/pages/home.php on line 28.
 1 APPPATH/Views/pages/home.php(28): CodeIgniter\Debug\Exceptions->errorHandler(2, 'Undefined array key "cover"', '/Users/alzaidan/Documents/tst/codeigniter4-framework-a033985/app/Views/pages/home.php', 28)
 2 SYSTEMPATH/View/View.php(228): include('/Users/alzaidan/Documents/tst/codeigniter4-framework-a033985/app/Views/pages/home.php')
 3 SYSTEMPATH/View/View.php(231): CodeIgniter\View\View->CodeIgniter\View\{closure}()
 4 SYSTEMPATH/Common.php(1190): CodeIgniter\View\View->render('pages/home', [], true)
 5 APPPATH/Controllers/Home.php(23): view('pages/home', [...])
 6 SYSTEMPATH/CodeIgniter.php(942): App\Controllers\Home->index()
 7 SYSTEMPATH/CodeIgniter.php(502): CodeIgniter\CodeIgniter->runController(Object(App\Controllers\Home))
 8 SYSTEMPATH/CodeIgniter.php(361): CodeIgniter\CodeIgniter->handleRequest(null, Object(Config\Cache), false)
 9 FCPATH/index.php(79): CodeIgniter\CodeIgniter->run()
10 SYSTEMPATH/Commands/Server/rewrite.php(47): require_once('/Users/alzaidan/Documents/tst/codeigniter4-framework-a033985/public/index.php')
CRITICAL - 2023-12-13 16:05:02 --> Undefined array key "cover"
in APPPATH/Views/pages/home.php on line 28.
 1 APPPATH/Views/pages/home.php(28): CodeIgniter\Debug\Exceptions->errorHandler(2, 'Undefined array key "cover"', '/Users/alzaidan/Documents/tst/codeigniter4-framework-a033985/app/Views/pages/home.php', 28)
 2 SYSTEMPATH/View/View.php(228): include('/Users/alzaidan/Documents/tst/codeigniter4-framework-a033985/app/Views/pages/home.php')
 3 SYSTEMPATH/View/View.php(231): CodeIgniter\View\View->CodeIgniter\View\{closure}()
 4 SYSTEMPATH/Common.php(1190): CodeIgniter\View\View->render('pages/home', [], true)
 5 APPPATH/Controllers/Home.php(23): view('pages/home', [...])
 6 SYSTEMPATH/CodeIgniter.php(942): App\Controllers\Home->index()
 7 SYSTEMPATH/CodeIgniter.php(502): CodeIgniter\CodeIgniter->runController(Object(App\Controllers\Home))
 8 SYSTEMPATH/CodeIgniter.php(361): CodeIgniter\CodeIgniter->handleRequest(null, Object(Config\Cache), false)
 9 FCPATH/index.php(79): CodeIgniter\CodeIgniter->run()
10 SYSTEMPATH/Commands/Server/rewrite.php(47): require_once('/Users/alzaidan/Documents/tst/codeigniter4-framework-a033985/public/index.php')
INFO - 2023-12-13 16:25:37 --> Session: Class initialized using 'CodeIgniter\Session\Handlers\FileHandler' driver.
INFO - 2023-12-13 16:25:50 --> Session: Class initialized using 'CodeIgniter\Session\Handlers\FileHandler' driver.
INFO - 2023-12-13 16:26:45 --> Session: Class initialized using 'CodeIgniter\Session\Handlers\FileHandler' driver.
INFO - 2023-12-13 16:26:57 --> Session: Class initialized using 'CodeIgniter\Session\Handlers\FileHandler' driver.
INFO - 2023-12-13 16:27:13 --> Session: Class initialized using 'CodeIgniter\Session\Handlers\FileHandler' driver.
INFO - 2023-12-13 16:27:19 --> Session: Class initialized using 'CodeIgniter\Session\Handlers\FileHandler' driver.
INFO - 2023-12-13 16:27:30 --> Session: Class initialized using 'CodeIgniter\Session\Handlers\FileHandler' driver.
INFO - 2023-12-13 16:27:39 --> Session: Class initialized using 'CodeIgniter\Session\Handlers\FileHandler' driver.
INFO - 2023-12-13 16:29:20 --> Session: Class initialized using 'CodeIgniter\Session\Handlers\FileHandler' driver.
INFO - 2023-12-13 16:32:39 --> Session: Class initialized using 'CodeIgniter\Session\Handlers\FileHandler' driver.
INFO - 2023-12-13 16:33:08 --> Session: Class initialized using 'CodeIgniter\Session\Handlers\FileHandler' driver.
INFO - 2023-12-13 16:33:10 --> Session: Class initialized using 'CodeIgniter\Session\Handlers\FileHandler' driver.
INFO - 2023-12-13 16:33:58 --> Session: Class initialized using 'CodeIgniter\Session\Handlers\FileHandler' driver.
INFO - 2023-12-13 16:34:01 --> Session: Class initialized using 'CodeIgniter\Session\Handlers\FileHandler' driver.
INFO - 2023-12-13 16:35:34 --> Session: Class initialized using 'CodeIgniter\Session\Handlers\FileHandler' driver.
INFO - 2023-12-13 16:35:35 --> Session: Class initialized using 'CodeIgniter\Session\Handlers\FileHandler' driver.
INFO - 2023-12-13 16:35:37 --> Session: Class initialized using 'CodeIgniter\Session\Handlers\FileHandler' driver.
INFO - 2023-12-13 16:35:41 --> Session: Class initialized using 'CodeIgniter\Session\Handlers\FileHandler' driver.
INFO - 2023-12-13 16:37:05 --> Session: Class initialized using 'CodeIgniter\Session\Handlers\FileHandler' driver.
INFO - 2023-12-13 16:37:08 --> Session: Class initialized using 'CodeIgniter\Session\Handlers\FileHandler' driver.
INFO - 2023-12-13 16:39:54 --> Session: Class initialized using 'CodeIgniter\Session\Handlers\FileHandler' driver.
INFO - 2023-12-13 16:39:56 --> Session: Class initialized using 'CodeIgniter\Session\Handlers\FileHandler' driver.
INFO - 2023-12-13 16:39:58 --> Session: Class initialized using 'CodeIgniter\Session\Handlers\FileHandler' driver.
INFO - 2023-12-13 16:41:08 --> Session: Class initialized using 'CodeIgniter\Session\Handlers\FileHandler' driver.
INFO - 2023-12-13 16:41:13 --> Session: Class initialized using 'CodeIgniter\Session\Handlers\FileHandler' driver.
INFO - 2023-12-13 16:42:07 --> Session: Class initialized using 'CodeIgniter\Session\Handlers\FileHandler' driver.
INFO - 2023-12-13 16:42:15 --> Session: Class initialized using 'CodeIgniter\Session\Handlers\FileHandler' driver.
INFO - 2023-12-13 16:42:23 --> Session: Class initialized using 'CodeIgniter\Session\Handlers\FileHandler' driver.
INFO - 2023-12-13 16:42:26 --> Session: Class initialized using 'CodeIgniter\Session\Handlers\FileHandler' driver.
INFO - 2023-12-13 16:43:33 --> Session: Class initialized using 'CodeIgniter\Session\Handlers\FileHandler' driver.
INFO - 2023-12-13 16:43:35 --> Session: Class initialized using 'CodeIgniter\Session\Handlers\FileHandler' driver.
INFO - 2023-12-13 16:43:44 --> Session: Class initialized using 'CodeIgniter\Session\Handlers\FileHandler' driver.
INFO - 2023-12-13 16:44:22 --> Session: Class initialized using 'CodeIgniter\Session\Handlers\FileHandler' driver.
INFO - 2023-12-13 16:44:24 --> Session: Class initialized using 'CodeIgniter\Session\Handlers\FileHandler' driver.
INFO - 2023-12-13 16:45:34 --> Session: Class initialized using 'CodeIgniter\Session\Handlers\FileHandler' driver.
INFO - 2023-12-13 16:45:44 --> Session: Class initialized using 'CodeIgniter\Session\Handlers\FileHandler' driver.
INFO - 2023-12-13 16:45:58 --> Session: Class initialized using 'CodeIgniter\Session\Handlers\FileHandler' driver.
INFO - 2023-12-13 16:45:58 --> Session: Class initialized using 'CodeIgniter\Session\Handlers\FileHandler' driver.
INFO - 2023-12-13 16:46:00 --> Session: Class initialized using 'CodeIgniter\Session\Handlers\FileHandler' driver.
INFO - 2023-12-13 16:46:01 --> Session: Class initialized using 'CodeIgniter\Session\Handlers\FileHandler' driver.
INFO - 2023-12-13 16:46:01 --> Session: Class initialized using 'CodeIgniter\Session\Handlers\FileHandler' driver.
INFO - 2023-12-13 16:46:03 --> Session: Class initialized using 'CodeIgniter\Session\Handlers\FileHandler' driver.
INFO - 2023-12-13 16:46:03 --> Session: Class initialized using 'CodeIgniter\Session\Handlers\FileHandler' driver.
INFO - 2023-12-13 16:46:04 --> Session: Class initialized using 'CodeIgniter\Session\Handlers\FileHandler' driver.
INFO - 2023-12-13 16:46:04 --> Session: Class initialized using 'CodeIgniter\Session\Handlers\FileHandler' driver.
INFO - 2023-12-13 16:46:15 --> Session: Class initialized using 'CodeIgniter\Session\Handlers\FileHandler' driver.
INFO - 2023-12-13 16:46:15 --> Session: Class initialized using 'CodeIgniter\Session\Handlers\FileHandler' driver.
INFO - 2023-12-13 16:46:16 --> Session: Class initialized using 'CodeIgniter\Session\Handlers\FileHandler' driver.
INFO - 2023-12-13 16:46:16 --> Session: Class initialized using 'CodeIgniter\Session\Handlers\FileHandler' driver.
INFO - 2023-12-13 16:46:24 --> Session: Class initialized using 'CodeIgniter\Session\Handlers\FileHandler' driver.
INFO - 2023-12-13 16:46:29 --> Session: Class initialized using 'CodeIgniter\Session\Handlers\FileHandler' driver.
INFO - 2023-12-13 16:46:29 --> Session: Class initialized using 'CodeIgniter\Session\Handlers\FileHandler' driver.
INFO - 2023-12-13 16:47:57 --> Session: Class initialized using 'CodeIgniter\Session\Handlers\FileHandler' driver.
INFO - 2023-12-13 16:47:57 --> Session: Class initialized using 'CodeIgniter\Session\Handlers\FileHandler' driver.
INFO - 2023-12-13 16:48:14 --> Session: Class initialized using 'CodeIgniter\Session\Handlers\FileHandler' driver.
INFO - 2023-12-13 16:48:14 --> Session: Class initialized using 'CodeIgniter\Session\Handlers\FileHandler' driver.
INFO - 2023-12-13 16:48:14 --> Session: Class initialized using 'CodeIgniter\Session\Handlers\FileHandler' driver.
INFO - 2023-12-13 16:48:14 --> Session: Class initialized using 'CodeIgniter\Session\Handlers\FileHandler' driver.
INFO - 2023-12-13 16:48:15 --> Session: Class initialized using 'CodeIgniter\Session\Handlers\FileHandler' driver.
INFO - 2023-12-13 16:48:15 --> Session: Class initialized using 'CodeIgniter\Session\Handlers\FileHandler' driver.
INFO - 2023-12-13 16:48:15 --> Session: Class initialized using 'CodeIgniter\Session\Handlers\FileHandler' driver.
INFO - 2023-12-13 16:48:15 --> Session: Class initialized using 'CodeIgniter\Session\Handlers\FileHandler' driver.
INFO - 2023-12-13 16:48:16 --> Session: Class initialized using 'CodeIgniter\Session\Handlers\FileHandler' driver.
INFO - 2023-12-13 16:48:16 --> Session: Class initialized using 'CodeIgniter\Session\Handlers\FileHandler' driver.
INFO - 2023-12-13 16:49:50 --> Session: Class initialized using 'CodeIgniter\Session\Handlers\FileHandler' driver.
INFO - 2023-12-13 16:49:52 --> Session: Class initialized using 'CodeIgniter\Session\Handlers\FileHandler' driver.
INFO - 2023-12-13 16:49:57 --> Session: Class initialized using 'CodeIgniter\Session\Handlers\FileHandler' driver.
INFO - 2023-12-13 16:50:55 --> Session: Class initialized using 'CodeIgniter\Session\Handlers\FileHandler' driver.
INFO - 2023-12-13 16:54:37 --> Session: Class initialized using 'CodeIgniter\Session\Handlers\FileHandler' driver.
ERROR - 2023-12-13 16:54:40 --> mysqli_sql_exception: Column 'stok' cannot be null in /Users/alzaidan/Documents/tst/codeigniter4-framework-a033985/system/Database/MySQLi/Connection.php:306
Stack trace:
#0 /Users/alzaidan/Documents/tst/codeigniter4-framework-a033985/system/Database/MySQLi/Connection.php(306): mysqli->query('INSERT INTO `bo...', 0)
#1 /Users/alzaidan/Documents/tst/codeigniter4-framework-a033985/system/Database/BaseConnection.php(693): CodeIgniter\Database\MySQLi\Connection->execute('INSERT INTO `bo...')
#2 /Users/alzaidan/Documents/tst/codeigniter4-framework-a033985/system/Database/BaseConnection.php(607): CodeIgniter\Database\BaseConnection->simpleQuery('INSERT INTO `bo...')
#3 /Users/alzaidan/Documents/tst/codeigniter4-framework-a033985/system/Database/BaseBuilder.php(2308): CodeIgniter\Database\BaseConnection->query('INSERT INTO `bo...', Array, false)
#4 /Users/alzaidan/Documents/tst/codeigniter4-framework-a033985/system/Model.php(319): CodeIgniter\Database\BaseBuilder->insert()
#5 /Users/alzaidan/Documents/tst/codeigniter4-framework-a033985/system/BaseModel.php(788): CodeIgniter\Model->doInsert(Array)
#6 /Users/alzaidan/Documents/tst/codeigniter4-framework-a033985/system/Model.php(715): CodeIgniter\BaseModel->insert(Array, false)
#7 /Users/alzaidan/Documents/tst/codeigniter4-framework-a033985/system/BaseModel.php(698): CodeIgniter\Model->insert(Array, false)
#8 /Users/alzaidan/Documents/tst/codeigniter4-framework-a033985/app/Controllers/Home.php(38): CodeIgniter\BaseModel->save(Array)
#9 /Users/alzaidan/Documents/tst/codeigniter4-framework-a033985/system/CodeIgniter.php(942): App\Controllers\Home->save()
#10 /Users/alzaidan/Documents/tst/codeigniter4-framework-a033985/system/CodeIgniter.php(502): CodeIgniter\CodeIgniter->runController(Object(App\Controllers\Home))
#11 /Users/alzaidan/Documents/tst/codeigniter4-framework-a033985/system/CodeIgniter.php(361): CodeIgniter\CodeIgniter->handleRequest(NULL, Object(Config\Cache), false)
#12 /Users/alzaidan/Documents/tst/codeigniter4-framework-a033985/public/index.php(79): CodeIgniter\CodeIgniter->run()
#13 /Users/alzaidan/Documents/tst/codeigniter4-framework-a033985/system/Commands/Server/rewrite.php(47): require_once('/Users/alzaidan...')
#14 {main}
CRITICAL - 2023-12-13 16:54:40 --> Column 'stok' cannot be null
in SYSTEMPATH/Database/BaseConnection.php on line 647.
 1 SYSTEMPATH/Database/BaseBuilder.php(2308): CodeIgniter\Database\BaseConnection->query('INSERT INTO `books` (`sampul`, `judul`, `penulis`, `penerbit`, `deskripsi`, `stok`) VALUES (:sampul:, :judul:, :penulis:, :penerbit:, :deskripsi:, :stok:)', [...], false)
 2 SYSTEMPATH/Model.php(319): CodeIgniter\Database\BaseBuilder->insert()
 3 SYSTEMPATH/BaseModel.php(788): CodeIgniter\Model->doInsert([...])
 4 SYSTEMPATH/Model.php(715): CodeIgniter\BaseModel->insert([...], false)
 5 SYSTEMPATH/BaseModel.php(698): CodeIgniter\Model->insert([...], false)
 6 APPPATH/Controllers/Home.php(38): CodeIgniter\BaseModel->save([...])
 7 SYSTEMPATH/CodeIgniter.php(942): App\Controllers\Home->save()
 8 SYSTEMPATH/CodeIgniter.php(502): CodeIgniter\CodeIgniter->runController(Object(App\Controllers\Home))
 9 SYSTEMPATH/CodeIgniter.php(361): CodeIgniter\CodeIgniter->handleRequest(null, Object(Config\Cache), false)
10 FCPATH/index.php(79): CodeIgniter\CodeIgniter->run()
11 SYSTEMPATH/Commands/Server/rewrite.php(47): require_once('/Users/alzaidan/Documents/tst/codeigniter4-framework-a033985/public/index.php')
INFO - 2023-12-13 16:54:44 --> Session: Class initialized using 'CodeIgniter\Session\Handlers\FileHandler' driver.
ERROR - 2023-12-13 16:54:48 --> mysqli_sql_exception: Column 'stok' cannot be null in /Users/alzaidan/Documents/tst/codeigniter4-framework-a033985/system/Database/MySQLi/Connection.php:306
Stack trace:
#0 /Users/alzaidan/Documents/tst/codeigniter4-framework-a033985/system/Database/MySQLi/Connection.php(306): mysqli->query('INSERT INTO `bo...', 0)
#1 /Users/alzaidan/Documents/tst/codeigniter4-framework-a033985/system/Database/BaseConnection.php(693): CodeIgniter\Database\MySQLi\Connection->execute('INSERT INTO `bo...')
#2 /Users/alzaidan/Documents/tst/codeigniter4-framework-a033985/system/Database/BaseConnection.php(607): CodeIgniter\Database\BaseConnection->simpleQuery('INSERT INTO `bo...')
#3 /Users/alzaidan/Documents/tst/codeigniter4-framework-a033985/system/Database/BaseBuilder.php(2308): CodeIgniter\Database\BaseConnection->query('INSERT INTO `bo...', Array, false)
#4 /Users/alzaidan/Documents/tst/codeigniter4-framework-a033985/system/Model.php(319): CodeIgniter\Database\BaseBuilder->insert()
#5 /Users/alzaidan/Documents/tst/codeigniter4-framework-a033985/system/BaseModel.php(788): CodeIgniter\Model->doInsert(Array)
#6 /Users/alzaidan/Documents/tst/codeigniter4-framework-a033985/system/Model.php(715): CodeIgniter\BaseModel->insert(Array, false)
#7 /Users/alzaidan/Documents/tst/codeigniter4-framework-a033985/system/BaseModel.php(698): CodeIgniter\Model->insert(Array, false)
#8 /Users/alzaidan/Documents/tst/codeigniter4-framework-a033985/app/Controllers/Home.php(38): CodeIgniter\BaseModel->save(Array)
#9 /Users/alzaidan/Documents/tst/codeigniter4-framework-a033985/system/CodeIgniter.php(942): App\Controllers\Home->save()
#10 /Users/alzaidan/Documents/tst/codeigniter4-framework-a033985/system/CodeIgniter.php(502): CodeIgniter\CodeIgniter->runController(Object(App\Controllers\Home))
#11 /Users/alzaidan/Documents/tst/codeigniter4-framework-a033985/system/CodeIgniter.php(361): CodeIgniter\CodeIgniter->handleRequest(NULL, Object(Config\Cache), false)
#12 /Users/alzaidan/Documents/tst/codeigniter4-framework-a033985/public/index.php(79): CodeIgniter\CodeIgniter->run()
#13 /Users/alzaidan/Documents/tst/codeigniter4-framework-a033985/system/Commands/Server/rewrite.php(47): require_once('/Users/alzaidan...')
#14 {main}
CRITICAL - 2023-12-13 16:54:48 --> Column 'stok' cannot be null
in SYSTEMPATH/Database/BaseConnection.php on line 647.
 1 SYSTEMPATH/Database/BaseBuilder.php(2308): CodeIgniter\Database\BaseConnection->query('INSERT INTO `books` (`sampul`, `judul`, `penulis`, `penerbit`, `deskripsi`, `stok`) VALUES (:sampul:, :judul:, :penulis:, :penerbit:, :deskripsi:, :stok:)', [...], false)
 2 SYSTEMPATH/Model.php(319): CodeIgniter\Database\BaseBuilder->insert()
 3 SYSTEMPATH/BaseModel.php(788): CodeIgniter\Model->doInsert([...])
 4 SYSTEMPATH/Model.php(715): CodeIgniter\BaseModel->insert([...], false)
 5 SYSTEMPATH/BaseModel.php(698): CodeIgniter\Model->insert([...], false)
 6 APPPATH/Controllers/Home.php(38): CodeIgniter\BaseModel->save([...])
 7 SYSTEMPATH/CodeIgniter.php(942): App\Controllers\Home->save()
 8 SYSTEMPATH/CodeIgniter.php(502): CodeIgniter\CodeIgniter->runController(Object(App\Controllers\Home))
 9 SYSTEMPATH/CodeIgniter.php(361): CodeIgniter\CodeIgniter->handleRequest(null, Object(Config\Cache), false)
10 FCPATH/index.php(79): CodeIgniter\CodeIgniter->run()
11 SYSTEMPATH/Commands/Server/rewrite.php(47): require_once('/Users/alzaidan/Documents/tst/codeigniter4-framework-a033985/public/index.php')
INFO - 2023-12-13 16:55:29 --> Session: Class initialized using 'CodeIgniter\Session\Handlers\FileHandler' driver.
INFO - 2023-12-13 16:59:04 --> Session: Class initialized using 'CodeIgniter\Session\Handlers\FileHandler' driver.
INFO - 2023-12-13 17:13:15 --> Session: Class initialized using 'CodeIgniter\Session\Handlers\FileHandler' driver.
CRITICAL - 2023-12-13 17:13:40 --> Call to a member function getError() on null
in APPPATH/Controllers/Home.php on line 44.
 1 SYSTEMPATH/CodeIgniter.php(942): App\Controllers\Home->save()
 2 SYSTEMPATH/CodeIgniter.php(502): CodeIgniter\CodeIgniter->runController(Object(App\Controllers\Home))
 3 SYSTEMPATH/CodeIgniter.php(361): CodeIgniter\CodeIgniter->handleRequest(null, Object(Config\Cache), false)
 4 FCPATH/index.php(79): CodeIgniter\CodeIgniter->run()
 5 SYSTEMPATH/Commands/Server/rewrite.php(47): require_once('/Users/alzaidan/Documents/tst/codeigniter4-framework-a033985/public/index.php')
INFO - 2023-12-13 17:15:16 --> Session: Class initialized using 'CodeIgniter\Session\Handlers\FileHandler' driver.
INFO - 2023-12-13 17:15:21 --> Session: Class initialized using 'CodeIgniter\Session\Handlers\FileHandler' driver.
CRITICAL - 2023-12-13 17:15:25 --> Call to a member function getError() on null
in APPPATH/Controllers/Home.php on line 44.
 1 SYSTEMPATH/CodeIgniter.php(942): App\Controllers\Home->save()
 2 SYSTEMPATH/CodeIgniter.php(502): CodeIgniter\CodeIgniter->runController(Object(App\Controllers\Home))
 3 SYSTEMPATH/CodeIgniter.php(361): CodeIgniter\CodeIgniter->handleRequest(null, Object(Config\Cache), false)
 4 FCPATH/index.php(79): CodeIgniter\CodeIgniter->run()
 5 SYSTEMPATH/Commands/Server/rewrite.php(47): require_once('/Users/alzaidan/Documents/tst/codeigniter4-framework-a033985/public/index.php')
INFO - 2023-12-13 17:15:28 --> Session: Class initialized using 'CodeIgniter\Session\Handlers\FileHandler' driver.
CRITICAL - 2023-12-13 17:15:33 --> Call to a member function getError() on null
in APPPATH/Controllers/Home.php on line 44.
 1 SYSTEMPATH/CodeIgniter.php(942): App\Controllers\Home->save()
 2 SYSTEMPATH/CodeIgniter.php(502): CodeIgniter\CodeIgniter->runController(Object(App\Controllers\Home))
 3 SYSTEMPATH/CodeIgniter.php(361): CodeIgniter\CodeIgniter->handleRequest(null, Object(Config\Cache), false)
 4 FCPATH/index.php(79): CodeIgniter\CodeIgniter->run()
 5 SYSTEMPATH/Commands/Server/rewrite.php(47): require_once('/Users/alzaidan/Documents/tst/codeigniter4-framework-a033985/public/index.php')
INFO - 2023-12-13 17:15:35 --> Session: Class initialized using 'CodeIgniter\Session\Handlers\FileHandler' driver.
INFO - 2023-12-13 17:15:37 --> Session: Class initialized using 'CodeIgniter\Session\Handlers\FileHandler' driver.
CRITICAL - 2023-12-13 17:15:45 --> Call to a member function getError() on null
in APPPATH/Controllers/Home.php on line 44.
 1 SYSTEMPATH/CodeIgniter.php(942): App\Controllers\Home->save()
 2 SYSTEMPATH/CodeIgniter.php(502): CodeIgniter\CodeIgniter->runController(Object(App\Controllers\Home))
 3 SYSTEMPATH/CodeIgniter.php(361): CodeIgniter\CodeIgniter->handleRequest(null, Object(Config\Cache), false)
 4 FCPATH/index.php(79): CodeIgniter\CodeIgniter->run()
 5 SYSTEMPATH/Commands/Server/rewrite.php(47): require_once('/Users/alzaidan/Documents/tst/codeigniter4-framework-a033985/public/index.php')
INFO - 2023-12-13 17:15:46 --> Session: Class initialized using 'CodeIgniter\Session\Handlers\FileHandler' driver.
CRITICAL - 2023-12-13 17:16:55 --> Call to a member function move() on null
in APPPATH/Controllers/Home.php on line 43.
 1 SYSTEMPATH/CodeIgniter.php(942): App\Controllers\Home->save()
 2 SYSTEMPATH/CodeIgniter.php(502): CodeIgniter\CodeIgniter->runController(Object(App\Controllers\Home))
 3 SYSTEMPATH/CodeIgniter.php(361): CodeIgniter\CodeIgniter->handleRequest(null, Object(Config\Cache), false)
 4 FCPATH/index.php(79): CodeIgniter\CodeIgniter->run()
 5 SYSTEMPATH/Commands/Server/rewrite.php(47): require_once('/Users/alzaidan/Documents/tst/codeigniter4-framework-a033985/public/index.php')
INFO - 2023-12-13 17:18:10 --> Session: Class initialized using 'CodeIgniter\Session\Handlers\FileHandler' driver.
CRITICAL - 2023-12-13 17:18:25 --> Call to a member function move() on null
in APPPATH/Controllers/Home.php on line 43.
 1 SYSTEMPATH/CodeIgniter.php(942): App\Controllers\Home->save()
 2 SYSTEMPATH/CodeIgniter.php(502): CodeIgniter\CodeIgniter->runController(Object(App\Controllers\Home))
 3 SYSTEMPATH/CodeIgniter.php(361): CodeIgniter\CodeIgniter->handleRequest(null, Object(Config\Cache), false)
 4 FCPATH/index.php(79): CodeIgniter\CodeIgniter->run()
 5 SYSTEMPATH/Commands/Server/rewrite.php(47): require_once('/Users/alzaidan/Documents/tst/codeigniter4-framework-a033985/public/index.php')
INFO - 2023-12-13 17:18:54 --> Session: Class initialized using 'CodeIgniter\Session\Handlers\FileHandler' driver.
CRITICAL - 2023-12-13 17:18:58 --> Call to a member function getName() on null
in APPPATH/Controllers/Home.php on line 43.
 1 SYSTEMPATH/CodeIgniter.php(942): App\Controllers\Home->save()
 2 SYSTEMPATH/CodeIgniter.php(502): CodeIgniter\CodeIgniter->runController(Object(App\Controllers\Home))
 3 SYSTEMPATH/CodeIgniter.php(361): CodeIgniter\CodeIgniter->handleRequest(null, Object(Config\Cache), false)
 4 FCPATH/index.php(79): CodeIgniter\CodeIgniter->run()
 5 SYSTEMPATH/Commands/Server/rewrite.php(47): require_once('/Users/alzaidan/Documents/tst/codeigniter4-framework-a033985/public/index.php')
INFO - 2023-12-13 17:19:36 --> Session: Class initialized using 'CodeIgniter\Session\Handlers\FileHandler' driver.
CRITICAL - 2023-12-13 17:20:14 --> Call to a member function move() on null
in APPPATH/Controllers/Home.php on line 43.
 1 SYSTEMPATH/CodeIgniter.php(942): App\Controllers\Home->save()
 2 SYSTEMPATH/CodeIgniter.php(502): CodeIgniter\CodeIgniter->runController(Object(App\Controllers\Home))
 3 SYSTEMPATH/CodeIgniter.php(361): CodeIgniter\CodeIgniter->handleRequest(null, Object(Config\Cache), false)
 4 FCPATH/index.php(79): CodeIgniter\CodeIgniter->run()
 5 SYSTEMPATH/Commands/Server/rewrite.php(47): require_once('/Users/alzaidan/Documents/tst/codeigniter4-framework-a033985/public/index.php')
INFO - 2023-12-13 17:20:17 --> Session: Class initialized using 'CodeIgniter\Session\Handlers\FileHandler' driver.
INFO - 2023-12-13 17:20:57 --> Session: Class initialized using 'CodeIgniter\Session\Handlers\FileHandler' driver.
CRITICAL - 2023-12-13 17:21:05 --> Call to a member function move() on null
in APPPATH/Controllers/Home.php on line 43.
 1 SYSTEMPATH/CodeIgniter.php(942): App\Controllers\Home->save()
 2 SYSTEMPATH/CodeIgniter.php(502): CodeIgniter\CodeIgniter->runController(Object(App\Controllers\Home))
 3 SYSTEMPATH/CodeIgniter.php(361): CodeIgniter\CodeIgniter->handleRequest(null, Object(Config\Cache), false)
 4 FCPATH/index.php(79): CodeIgniter\CodeIgniter->run()
 5 SYSTEMPATH/Commands/Server/rewrite.php(47): require_once('/Users/alzaidan/Documents/tst/codeigniter4-framework-a033985/public/index.php')
INFO - 2023-12-13 17:22:27 --> Session: Class initialized using 'CodeIgniter\Session\Handlers\FileHandler' driver.
CRITICAL - 2023-12-13 17:22:41 --> Call to a member function move() on null
in APPPATH/Controllers/Home.php on line 43.
 1 SYSTEMPATH/CodeIgniter.php(942): App\Controllers\Home->save()
 2 SYSTEMPATH/CodeIgniter.php(502): CodeIgniter\CodeIgniter->runController(Object(App\Controllers\Home))
 3 SYSTEMPATH/CodeIgniter.php(361): CodeIgniter\CodeIgniter->handleRequest(null, Object(Config\Cache), false)
 4 FCPATH/index.php(79): CodeIgniter\CodeIgniter->run()
 5 SYSTEMPATH/Commands/Server/rewrite.php(47): require_once('/Users/alzaidan/Documents/tst/codeigniter4-framework-a033985/public/index.php')
INFO - 2023-12-13 17:23:52 --> Session: Class initialized using 'CodeIgniter\Session\Handlers\FileHandler' driver.
CRITICAL - 2023-12-13 17:23:59 --> Call to a member function getError() on null
in APPPATH/Controllers/Home.php on line 43.
 1 SYSTEMPATH/CodeIgniter.php(942): App\Controllers\Home->save()
 2 SYSTEMPATH/CodeIgniter.php(502): CodeIgniter\CodeIgniter->runController(Object(App\Controllers\Home))
 3 SYSTEMPATH/CodeIgniter.php(361): CodeIgniter\CodeIgniter->handleRequest(null, Object(Config\Cache), false)
 4 FCPATH/index.php(79): CodeIgniter\CodeIgniter->run()
 5 SYSTEMPATH/Commands/Server/rewrite.php(47): require_once('/Users/alzaidan/Documents/tst/codeigniter4-framework-a033985/public/index.php')
INFO - 2023-12-13 17:25:14 --> Session: Class initialized using 'CodeIgniter\Session\Handlers\FileHandler' driver.
INFO - 2023-12-13 17:25:21 --> Session: Class initialized using 'CodeIgniter\Session\Handlers\FileHandler' driver.
INFO - 2023-12-13 17:26:02 --> Session: Class initialized using 'CodeIgniter\Session\Handlers\FileHandler' driver.
INFO - 2023-12-13 17:26:21 --> Session: Class initialized using 'CodeIgniter\Session\Handlers\FileHandler' driver.
INFO - 2023-12-13 17:26:22 --> Session: Class initialized using 'CodeIgniter\Session\Handlers\FileHandler' driver.
INFO - 2023-12-13 17:26:33 --> Session: Class initialized using 'CodeIgniter\Session\Handlers\FileHandler' driver.
INFO - 2023-12-13 17:30:02 --> Session: Class initialized using 'CodeIgniter\Session\Handlers\FileHandler' driver.
