CRITICAL - 2023-12-14 04:17:28 --> Invalid file: "pages/detail.php"
in SYSTEMPATH/Exceptions/FrameworkException.php on line 39.
 1 SYSTEMPATH/View/View.php(216): CodeIgniter\Exceptions\FrameworkException::forInvalidFile('pages/detail.php')
 2 SYSTEMPATH/Common.php(1190): CodeIgniter\View\View->render('pages/detail', [], true)
 3 APPPATH/Controllers/Books.php(72): view('pages/detail', [...])
 4 SYSTEMPATH/CodeIgniter.php(942): App\Controllers\Books->detail('1')
 5 SYSTEMPATH/CodeIgniter.php(502): CodeIgniter\CodeIgniter->runController(Object(App\Controllers\Books))
 6 SYSTEMPATH/CodeIgniter.php(361): CodeIgniter\CodeIgniter->handleRequest(null, Object(Config\Cache), false)
 7 FCPATH/index.php(79): CodeIgniter\CodeIgniter->run()
 8 SYSTEMPATH/Commands/Server/rewrite.php(47): require_once('/Users/alzaidan/Documents/tst/codeigniter4-framework-a033985/public/index.php')
CRITICAL - 2023-12-14 04:20:45 --> Trying to access array offset on null
in APPPATH/Views/pages/details.php on line 11.
 1 APPPATH/Views/pages/details.php(11): CodeIgniter\Debug\Exceptions->errorHandler(2, 'Trying to access array offset on null', '/Users/alzaidan/Documents/tst/codeigniter4-framework-a033985/app/Views/pages/details.php', 11)
 2 SYSTEMPATH/View/View.php(228): include('/Users/alzaidan/Documents/tst/codeigniter4-framework-a033985/app/Views/pages/details.php')
 3 SYSTEMPATH/View/View.php(231): CodeIgniter\View\View->CodeIgniter\View\{closure}()
 4 SYSTEMPATH/Common.php(1190): CodeIgniter\View\View->render('pages/details', [], true)
 5 APPPATH/Controllers/Books.php(72): view('pages/details', [...])
 6 SYSTEMPATH/CodeIgniter.php(942): App\Controllers\Books->detail('naruto.jpeg')
 7 SYSTEMPATH/CodeIgniter.php(502): CodeIgniter\CodeIgniter->runController(Object(App\Controllers\Books))
 8 SYSTEMPATH/CodeIgniter.php(361): CodeIgniter\CodeIgniter->handleRequest(null, Object(Config\Cache), false)
 9 FCPATH/index.php(79): CodeIgniter\CodeIgniter->run()
10 SYSTEMPATH/Commands/Server/rewrite.php(47): require_once('/Users/alzaidan/Documents/tst/codeigniter4-framework-a033985/public/index.php')
CRITICAL - 2023-12-14 04:22:44 --> Undefined variable $bool
in APPPATH/Views/pages/details.php on line 15.
 1 APPPATH/Views/pages/details.php(15): CodeIgniter\Debug\Exceptions->errorHandler(2, 'Undefined variable $bool', '/Users/alzaidan/Documents/tst/codeigniter4-framework-a033985/app/Views/pages/details.php', 15)
 2 SYSTEMPATH/View/View.php(228): include('/Users/alzaidan/Documents/tst/codeigniter4-framework-a033985/app/Views/pages/details.php')
 3 SYSTEMPATH/View/View.php(231): CodeIgniter\View\View->CodeIgniter\View\{closure}()
 4 SYSTEMPATH/Common.php(1190): CodeIgniter\View\View->render('pages/details', [], true)
 5 APPPATH/Controllers/Books.php(73): view('pages/details', [...])
 6 SYSTEMPATH/CodeIgniter.php(942): App\Controllers\Books->detail('1')
 7 SYSTEMPATH/CodeIgniter.php(502): CodeIgniter\CodeIgniter->runController(Object(App\Controllers\Books))
 8 SYSTEMPATH/CodeIgniter.php(361): CodeIgniter\CodeIgniter->handleRequest(null, Object(Config\Cache), false)
 9 FCPATH/index.php(79): CodeIgniter\CodeIgniter->run()
10 SYSTEMPATH/Commands/Server/rewrite.php(47): require_once('/Users/alzaidan/Documents/tst/codeigniter4-framework-a033985/public/index.php')
CRITICAL - 2023-12-14 04:22:45 --> Undefined variable $bool
in APPPATH/Views/pages/details.php on line 15.
 1 APPPATH/Views/pages/details.php(15): CodeIgniter\Debug\Exceptions->errorHandler(2, 'Undefined variable $bool', '/Users/alzaidan/Documents/tst/codeigniter4-framework-a033985/app/Views/pages/details.php', 15)
 2 SYSTEMPATH/View/View.php(228): include('/Users/alzaidan/Documents/tst/codeigniter4-framework-a033985/app/Views/pages/details.php')
 3 SYSTEMPATH/View/View.php(231): CodeIgniter\View\View->CodeIgniter\View\{closure}()
 4 SYSTEMPATH/Common.php(1190): CodeIgniter\View\View->render('pages/details', [], true)
 5 APPPATH/Controllers/Books.php(73): view('pages/details', [...])
 6 SYSTEMPATH/CodeIgniter.php(942): App\Controllers\Books->detail('1')
 7 SYSTEMPATH/CodeIgniter.php(502): CodeIgniter\CodeIgniter->runController(Object(App\Controllers\Books))
 8 SYSTEMPATH/CodeIgniter.php(361): CodeIgniter\CodeIgniter->handleRequest(null, Object(Config\Cache), false)
 9 FCPATH/index.php(79): CodeIgniter\CodeIgniter->run()
10 SYSTEMPATH/Commands/Server/rewrite.php(47): require_once('/Users/alzaidan/Documents/tst/codeigniter4-framework-a033985/public/index.php')
CRITICAL - 2023-12-14 04:22:52 --> Trying to access array offset on null
in APPPATH/Views/pages/details.php on line 11.
 1 APPPATH/Views/pages/details.php(11): CodeIgniter\Debug\Exceptions->errorHandler(2, 'Trying to access array offset on null', '/Users/alzaidan/Documents/tst/codeigniter4-framework-a033985/app/Views/pages/details.php', 11)
 2 SYSTEMPATH/View/View.php(228): include('/Users/alzaidan/Documents/tst/codeigniter4-framework-a033985/app/Views/pages/details.php')
 3 SYSTEMPATH/View/View.php(231): CodeIgniter\View\View->CodeIgniter\View\{closure}()
 4 SYSTEMPATH/Common.php(1190): CodeIgniter\View\View->render('pages/details', [], true)
 5 APPPATH/Controllers/Books.php(73): view('pages/details', [...])
 6 SYSTEMPATH/CodeIgniter.php(942): App\Controllers\Books->detail('naruto.jpeg')
 7 SYSTEMPATH/CodeIgniter.php(502): CodeIgniter\CodeIgniter->runController(Object(App\Controllers\Books))
 8 SYSTEMPATH/CodeIgniter.php(361): CodeIgniter\CodeIgniter->handleRequest(null, Object(Config\Cache), false)
 9 FCPATH/index.php(79): CodeIgniter\CodeIgniter->run()
10 SYSTEMPATH/Commands/Server/rewrite.php(47): require_once('/Users/alzaidan/Documents/tst/codeigniter4-framework-a033985/public/index.php')
CRITICAL - 2023-12-14 04:35:59 --> unlink(img/conan.jpeg): No such file or directory
in APPPATH/Controllers/Books.php on line 83.
 1 [internal function]: CodeIgniter\Debug\Exceptions->errorHandler(2, 'unlink(img/conan.jpeg): No such file or directory', '/Users/alzaidan/Documents/tst/codeigniter4-framework-a033985/app/Controllers/Books.php', 83)
 2 APPPATH/Controllers/Books.php(83): unlink('img/conan.jpeg')
 3 SYSTEMPATH/CodeIgniter.php(942): App\Controllers\Books->delete('2')
 4 SYSTEMPATH/CodeIgniter.php(502): CodeIgniter\CodeIgniter->runController(Object(App\Controllers\Books))
 5 SYSTEMPATH/CodeIgniter.php(361): CodeIgniter\CodeIgniter->handleRequest(null, Object(Config\Cache), false)
 6 FCPATH/index.php(79): CodeIgniter\CodeIgniter->run()
 7 SYSTEMPATH/Commands/Server/rewrite.php(47): require_once('/Users/alzaidan/Documents/tst/codeigniter4-framework-a033985/public/index.php')
INFO - 2023-12-14 04:36:29 --> Session: Class initialized using 'CodeIgniter\Session\Handlers\FileHandler' driver.
INFO - 2023-12-14 04:41:13 --> Session: Class initialized using 'CodeIgniter\Session\Handlers\FileHandler' driver.
ERROR - 2023-12-14 08:37:23 --> Error connecting to the database: mysqli_sql_exception: Connection refused in /Users/alzaidan/Documents/tst/codeigniter4-framework-a033985/system/Database/MySQLi/Connection.php:184
Stack trace:
#0 /Users/alzaidan/Documents/tst/codeigniter4-framework-a033985/system/Database/MySQLi/Connection.php(184): mysqli->real_connect('127.0.0.1', 'root', Object(SensitiveParameterValue), 'books_managemen...', 3306, '', 0)
#1 /Users/alzaidan/Documents/tst/codeigniter4-framework-a033985/system/Database/BaseConnection.php(392): CodeIgniter\Database\MySQLi\Connection->connect(false)
#2 /Users/alzaidan/Documents/tst/codeigniter4-framework-a033985/system/Database/BaseConnection.php(575): CodeIgniter\Database\BaseConnection->initialize()
#3 /Users/alzaidan/Documents/tst/codeigniter4-framework-a033985/system/Database/BaseBuilder.php(1615): CodeIgniter\Database\BaseConnection->query('SELECT *\nFROM `...', Array, false)
#4 /Users/alzaidan/Documents/tst/codeigniter4-framework-a033985/system/Model.php(237): CodeIgniter\Database\BaseBuilder->get()
#5 /Users/alzaidan/Documents/tst/codeigniter4-framework-a033985/system/BaseModel.php(624): CodeIgniter\Model->doFindAll(0, 0)
#6 /Users/alzaidan/Documents/tst/codeigniter4-framework-a033985/app/Models/BookModel.php(16): CodeIgniter\BaseModel->findAll()
#7 /Users/alzaidan/Documents/tst/codeigniter4-framework-a033985/app/Controllers/Books.php(18): App\Models\BookModel->getBook()
#8 /Users/alzaidan/Documents/tst/codeigniter4-framework-a033985/system/CodeIgniter.php(942): App\Controllers\Books->index()
#9 /Users/alzaidan/Documents/tst/codeigniter4-framework-a033985/system/CodeIgniter.php(502): CodeIgniter\CodeIgniter->runController(Object(App\Controllers\Books))
#10 /Users/alzaidan/Documents/tst/codeigniter4-framework-a033985/system/CodeIgniter.php(361): CodeIgniter\CodeIgniter->handleRequest(NULL, Object(Config\Cache), false)
#11 /Users/alzaidan/Documents/tst/codeigniter4-framework-a033985/public/index.php(79): CodeIgniter\CodeIgniter->run()
#12 /Users/alzaidan/Documents/tst/codeigniter4-framework-a033985/system/Commands/Server/rewrite.php(47): require_once('/Users/alzaidan...')
#13 {main}

Next CodeIgniter\Database\Exceptions\DatabaseException: Connection refused in /Users/alzaidan/Documents/tst/codeigniter4-framework-a033985/system/Database/MySQLi/Connection.php:229
Stack trace:
#0 /Users/alzaidan/Documents/tst/codeigniter4-framework-a033985/system/Database/BaseConnection.php(392): CodeIgniter\Database\MySQLi\Connection->connect(false)
#1 /Users/alzaidan/Documents/tst/codeigniter4-framework-a033985/system/Database/BaseConnection.php(575): CodeIgniter\Database\BaseConnection->initialize()
#2 /Users/alzaidan/Documents/tst/codeigniter4-framework-a033985/system/Database/BaseBuilder.php(1615): CodeIgniter\Database\BaseConnection->query('SELECT *\nFROM `...', Array, false)
#3 /Users/alzaidan/Documents/tst/codeigniter4-framework-a033985/system/Model.php(237): CodeIgniter\Database\BaseBuilder->get()
#4 /Users/alzaidan/Documents/tst/codeigniter4-framework-a033985/system/BaseModel.php(624): CodeIgniter\Model->doFindAll(0, 0)
#5 /Users/alzaidan/Documents/tst/codeigniter4-framework-a033985/app/Models/BookModel.php(16): CodeIgniter\BaseModel->findAll()
#6 /Users/alzaidan/Documents/tst/codeigniter4-framework-a033985/app/Controllers/Books.php(18): App\Models\BookModel->getBook()
#7 /Users/alzaidan/Documents/tst/codeigniter4-framework-a033985/system/CodeIgniter.php(942): App\Controllers\Books->index()
#8 /Users/alzaidan/Documents/tst/codeigniter4-framework-a033985/system/CodeIgniter.php(502): CodeIgniter\CodeIgniter->runController(Object(App\Controllers\Books))
#9 /Users/alzaidan/Documents/tst/codeigniter4-framework-a033985/system/CodeIgniter.php(361): CodeIgniter\CodeIgniter->handleRequest(NULL, Object(Config\Cache), false)
#10 /Users/alzaidan/Documents/tst/codeigniter4-framework-a033985/public/index.php(79): CodeIgniter\CodeIgniter->run()
#11 /Users/alzaidan/Documents/tst/codeigniter4-framework-a033985/system/Commands/Server/rewrite.php(47): require_once('/Users/alzaidan...')
#12 {main}
CRITICAL - 2023-12-14 08:37:23 --> Unable to connect to the database.
Main connection [MySQLi]: Connection refused
in SYSTEMPATH/Database/BaseConnection.php on line 428.
 1 SYSTEMPATH/Database/BaseConnection.php(575): CodeIgniter\Database\BaseConnection->initialize()
 2 SYSTEMPATH/Database/BaseBuilder.php(1615): CodeIgniter\Database\BaseConnection->query('SELECT *
FROM `books`', [], false)
 3 SYSTEMPATH/Model.php(237): CodeIgniter\Database\BaseBuilder->get()
 4 SYSTEMPATH/BaseModel.php(624): CodeIgniter\Model->doFindAll(0, 0)
 5 APPPATH/Models/BookModel.php(16): CodeIgniter\BaseModel->findAll()
 6 APPPATH/Controllers/Books.php(18): App\Models\BookModel->getBook()
 7 SYSTEMPATH/CodeIgniter.php(942): App\Controllers\Books->index()
 8 SYSTEMPATH/CodeIgniter.php(502): CodeIgniter\CodeIgniter->runController(Object(App\Controllers\Books))
 9 SYSTEMPATH/CodeIgniter.php(361): CodeIgniter\CodeIgniter->handleRequest(null, Object(Config\Cache), false)
10 FCPATH/index.php(79): CodeIgniter\CodeIgniter->run()
11 SYSTEMPATH/Commands/Server/rewrite.php(47): require_once('/Users/alzaidan/Documents/tst/codeigniter4-framework-a033985/public/index.php')
INFO - 2023-12-14 08:42:20 --> Session: Class initialized using 'CodeIgniter\Session\Handlers\FileHandler' driver.
INFO - 2023-12-14 08:42:23 --> Session: Class initialized using 'CodeIgniter\Session\Handlers\FileHandler' driver.
INFO - 2023-12-14 08:43:01 --> Session: Class initialized using 'CodeIgniter\Session\Handlers\FileHandler' driver.
INFO - 2023-12-14 08:43:18 --> Session: Class initialized using 'CodeIgniter\Session\Handlers\FileHandler' driver.
CRITICAL - 2023-12-14 08:45:37 --> unlink(img/): Operation not permitted
in APPPATH/Controllers/Books.php on line 85.
 1 [internal function]: CodeIgniter\Debug\Exceptions->errorHandler(2, 'unlink(img/): Operation not permitted', '/Users/alzaidan/Documents/tst/codeigniter4-framework-a033985/app/Controllers/Books.php', 85)
 2 APPPATH/Controllers/Books.php(85): unlink('img/')
 3 SYSTEMPATH/CodeIgniter.php(942): App\Controllers\Books->delete('6')
 4 SYSTEMPATH/CodeIgniter.php(502): CodeIgniter\CodeIgniter->runController(Object(App\Controllers\Books))
 5 SYSTEMPATH/CodeIgniter.php(361): CodeIgniter\CodeIgniter->handleRequest(null, Object(Config\Cache), false)
 6 FCPATH/index.php(79): CodeIgniter\CodeIgniter->run()
 7 SYSTEMPATH/Commands/Server/rewrite.php(47): require_once('/Users/alzaidan/Documents/tst/codeigniter4-framework-a033985/public/index.php')
INFO - 2023-12-14 08:46:14 --> Session: Class initialized using 'CodeIgniter\Session\Handlers\FileHandler' driver.
CRITICAL - 2023-12-14 08:46:36 --> unlink(img/): Operation not permitted
in APPPATH/Controllers/Books.php on line 85.
 1 [internal function]: CodeIgniter\Debug\Exceptions->errorHandler(2, 'unlink(img/): Operation not permitted', '/Users/alzaidan/Documents/tst/codeigniter4-framework-a033985/app/Controllers/Books.php', 85)
 2 APPPATH/Controllers/Books.php(85): unlink('img/')
 3 SYSTEMPATH/CodeIgniter.php(942): App\Controllers\Books->delete('7')
 4 SYSTEMPATH/CodeIgniter.php(502): CodeIgniter\CodeIgniter->runController(Object(App\Controllers\Books))
 5 SYSTEMPATH/CodeIgniter.php(361): CodeIgniter\CodeIgniter->handleRequest(null, Object(Config\Cache), false)
 6 FCPATH/index.php(79): CodeIgniter\CodeIgniter->run()
 7 SYSTEMPATH/Commands/Server/rewrite.php(47): require_once('/Users/alzaidan/Documents/tst/codeigniter4-framework-a033985/public/index.php')
CRITICAL - 2023-12-14 08:47:24 --> Trying to access array offset on null
in APPPATH/Views/pages/details.php on line 11.
 1 APPPATH/Views/pages/details.php(11): CodeIgniter\Debug\Exceptions->errorHandler(2, 'Trying to access array offset on null', '/Users/alzaidan/Documents/tst/codeigniter4-framework-a033985/app/Views/pages/details.php', 11)
 2 SYSTEMPATH/View/View.php(228): include('/Users/alzaidan/Documents/tst/codeigniter4-framework-a033985/app/Views/pages/details.php')
 3 SYSTEMPATH/View/View.php(231): CodeIgniter\View\View->CodeIgniter\View\{closure}()
 4 SYSTEMPATH/Common.php(1190): CodeIgniter\View\View->render('pages/details', [], true)
 5 APPPATH/Controllers/Books.php(75): view('pages/details', [...])
 6 SYSTEMPATH/CodeIgniter.php(942): App\Controllers\Books->detail('7')
 7 SYSTEMPATH/CodeIgniter.php(502): CodeIgniter\CodeIgniter->runController(Object(App\Controllers\Books))
 8 SYSTEMPATH/CodeIgniter.php(361): CodeIgniter\CodeIgniter->handleRequest(null, Object(Config\Cache), false)
 9 FCPATH/index.php(79): CodeIgniter\CodeIgniter->run()
10 SYSTEMPATH/Commands/Server/rewrite.php(47): require_once('/Users/alzaidan/Documents/tst/codeigniter4-framework-a033985/public/index.php')
INFO - 2023-12-14 08:47:30 --> Session: Class initialized using 'CodeIgniter\Session\Handlers\FileHandler' driver.
INFO - 2023-12-14 08:48:49 --> Session: Class initialized using 'CodeIgniter\Session\Handlers\FileHandler' driver.
INFO - 2023-12-14 11:05:33 --> Session: Class initialized using 'CodeIgniter\Session\Handlers\FileHandler' driver.
INFO - 2023-12-14 11:05:54 --> Session: Class initialized using 'CodeIgniter\Session\Handlers\FileHandler' driver.
INFO - 2023-12-14 11:11:16 --> Session: Class initialized using 'CodeIgniter\Session\Handlers\FileHandler' driver.
CRITICAL - 2023-12-14 11:12:53 --> Value of type null is not callable
in APPPATH/Views/pages/edit.php on line 15.
 1 SYSTEMPATH/View/View.php(228): include()
 2 SYSTEMPATH/View/View.php(231): CodeIgniter\View\View->CodeIgniter\View\{closure}()
 3 SYSTEMPATH/Common.php(1190): CodeIgniter\View\View->render('pages/edit', [], true)
 4 APPPATH/Controllers/Books.php(98): view('pages/edit', [...])
 5 SYSTEMPATH/CodeIgniter.php(942): App\Controllers\Books->edit('naruto')
 6 SYSTEMPATH/CodeIgniter.php(502): CodeIgniter\CodeIgniter->runController(Object(App\Controllers\Books))
 7 SYSTEMPATH/CodeIgniter.php(361): CodeIgniter\CodeIgniter->handleRequest(null, Object(Config\Cache), false)
 8 FCPATH/index.php(79): CodeIgniter\CodeIgniter->run()
 9 SYSTEMPATH/Commands/Server/rewrite.php(47): require_once('/Users/alzaidan/Documents/tst/codeigniter4-framework-a033985/public/index.php')
CRITICAL - 2023-12-14 11:13:19 --> Value of type null is not callable
in APPPATH/Views/pages/edit.php on line 15.
 1 SYSTEMPATH/View/View.php(228): include()
 2 SYSTEMPATH/View/View.php(231): CodeIgniter\View\View->CodeIgniter\View\{closure}()
 3 SYSTEMPATH/Common.php(1190): CodeIgniter\View\View->render('pages/edit', [], true)
 4 APPPATH/Controllers/Books.php(98): view('pages/edit', [...])
 5 SYSTEMPATH/CodeIgniter.php(942): App\Controllers\Books->edit('naruto')
 6 SYSTEMPATH/CodeIgniter.php(502): CodeIgniter\CodeIgniter->runController(Object(App\Controllers\Books))
 7 SYSTEMPATH/CodeIgniter.php(361): CodeIgniter\CodeIgniter->handleRequest(null, Object(Config\Cache), false)
 8 FCPATH/index.php(79): CodeIgniter\CodeIgniter->run()
 9 SYSTEMPATH/Commands/Server/rewrite.php(47): require_once('/Users/alzaidan/Documents/tst/codeigniter4-framework-a033985/public/index.php')
CRITICAL - 2023-12-14 11:23:07 --> Value of type null is not callable
in APPPATH/Views/pages/edit.php on line 15.
 1 SYSTEMPATH/View/View.php(228): include()
 2 SYSTEMPATH/View/View.php(231): CodeIgniter\View\View->CodeIgniter\View\{closure}()
 3 SYSTEMPATH/Common.php(1190): CodeIgniter\View\View->render('pages/edit', [], true)
 4 APPPATH/Controllers/Books.php(98): view('pages/edit', [...])
 5 SYSTEMPATH/CodeIgniter.php(942): App\Controllers\Books->edit('naruto')
 6 SYSTEMPATH/CodeIgniter.php(502): CodeIgniter\CodeIgniter->runController(Object(App\Controllers\Books))
 7 SYSTEMPATH/CodeIgniter.php(361): CodeIgniter\CodeIgniter->handleRequest(null, Object(Config\Cache), false)
 8 FCPATH/index.php(79): CodeIgniter\CodeIgniter->run()
 9 SYSTEMPATH/Commands/Server/rewrite.php(47): require_once('/Users/alzaidan/Documents/tst/codeigniter4-framework-a033985/public/index.php')
CRITICAL - 2023-12-14 11:25:25 --> Array callback must have exactly two elements
in APPPATH/Views/pages/edit.php on line 15.
 1 SYSTEMPATH/View/View.php(228): include()
 2 SYSTEMPATH/View/View.php(231): CodeIgniter\View\View->CodeIgniter\View\{closure}()
 3 SYSTEMPATH/Common.php(1190): CodeIgniter\View\View->render('pages/edit', [], true)
 4 APPPATH/Controllers/Books.php(98): view('pages/edit', [...])
 5 SYSTEMPATH/CodeIgniter.php(942): App\Controllers\Books->edit('1')
 6 SYSTEMPATH/CodeIgniter.php(502): CodeIgniter\CodeIgniter->runController(Object(App\Controllers\Books))
 7 SYSTEMPATH/CodeIgniter.php(361): CodeIgniter\CodeIgniter->handleRequest(null, Object(Config\Cache), false)
 8 FCPATH/index.php(79): CodeIgniter\CodeIgniter->run()
 9 SYSTEMPATH/Commands/Server/rewrite.php(47): require_once('/Users/alzaidan/Documents/tst/codeigniter4-framework-a033985/public/index.php')
INFO - 2023-12-14 11:25:57 --> Session: Class initialized using 'CodeIgniter\Session\Handlers\FileHandler' driver.
CRITICAL - 2023-12-14 11:25:57 --> Array callback must have exactly two elements
in APPPATH/Views/pages/edit.php on line 24.
 1 SYSTEMPATH/View/View.php(228): include()
 2 SYSTEMPATH/View/View.php(231): CodeIgniter\View\View->CodeIgniter\View\{closure}()
 3 SYSTEMPATH/Common.php(1190): CodeIgniter\View\View->render('pages/edit', [], true)
 4 APPPATH/Controllers/Books.php(98): view('pages/edit', [...])
 5 SYSTEMPATH/CodeIgniter.php(942): App\Controllers\Books->edit('1')
 6 SYSTEMPATH/CodeIgniter.php(502): CodeIgniter\CodeIgniter->runController(Object(App\Controllers\Books))
 7 SYSTEMPATH/CodeIgniter.php(361): CodeIgniter\CodeIgniter->handleRequest(null, Object(Config\Cache), false)
 8 FCPATH/index.php(79): CodeIgniter\CodeIgniter->run()
 9 SYSTEMPATH/Commands/Server/rewrite.php(47): require_once('/Users/alzaidan/Documents/tst/codeigniter4-framework-a033985/public/index.php')
INFO - 2023-12-14 11:25:58 --> Session: Class initialized using 'CodeIgniter\Session\Handlers\FileHandler' driver.
CRITICAL - 2023-12-14 11:25:58 --> Array callback must have exactly two elements
in APPPATH/Views/pages/edit.php on line 24.
 1 SYSTEMPATH/View/View.php(228): include()
 2 SYSTEMPATH/View/View.php(231): CodeIgniter\View\View->CodeIgniter\View\{closure}()
 3 SYSTEMPATH/Common.php(1190): CodeIgniter\View\View->render('pages/edit', [], true)
 4 APPPATH/Controllers/Books.php(98): view('pages/edit', [...])
 5 SYSTEMPATH/CodeIgniter.php(942): App\Controllers\Books->edit('1')
 6 SYSTEMPATH/CodeIgniter.php(502): CodeIgniter\CodeIgniter->runController(Object(App\Controllers\Books))
 7 SYSTEMPATH/CodeIgniter.php(361): CodeIgniter\CodeIgniter->handleRequest(null, Object(Config\Cache), false)
 8 FCPATH/index.php(79): CodeIgniter\CodeIgniter->run()
 9 SYSTEMPATH/Commands/Server/rewrite.php(47): require_once('/Users/alzaidan/Documents/tst/codeigniter4-framework-a033985/public/index.php')
CRITICAL - 2023-12-14 11:27:17 --> syntax error, unexpected token "return"
in APPPATH/Controllers/Books.php on line 99.
 1 SYSTEMPATH/Autoloader/Autoloader.php(291): CodeIgniter\Autoloader\Autoloader->includeFile('/Users/alzaidan/Documents/tst/codeigniter4-framework-a033985/app/Controllers/Books.php')
 2 SYSTEMPATH/Autoloader/Autoloader.php(269): CodeIgniter\Autoloader\Autoloader->loadInNamespace('App\\Controllers\\Books')
 3 [internal function]: CodeIgniter\Autoloader\Autoloader->loadClass('App\\Controllers\\Books')
 4 SYSTEMPATH/CodeIgniter.php(900): class_exists('\\App\\Controllers\\Books', true)
 5 SYSTEMPATH/CodeIgniter.php(489): CodeIgniter\CodeIgniter->startController()
 6 SYSTEMPATH/CodeIgniter.php(361): CodeIgniter\CodeIgniter->handleRequest(null, Object(Config\Cache), false)
 7 FCPATH/index.php(79): CodeIgniter\CodeIgniter->run()
 8 SYSTEMPATH/Commands/Server/rewrite.php(47): require_once('/Users/alzaidan/Documents/tst/codeigniter4-framework-a033985/public/index.php')
CRITICAL - 2023-12-14 11:27:23 --> Undefined variable $book
in APPPATH/Controllers/Books.php on line 98.
 1 APPPATH/Controllers/Books.php(98): CodeIgniter\Debug\Exceptions->errorHandler(2, 'Undefined variable $book', '/Users/alzaidan/Documents/tst/codeigniter4-framework-a033985/app/Controllers/Books.php', 98)
 2 SYSTEMPATH/CodeIgniter.php(942): App\Controllers\Books->edit('1')
 3 SYSTEMPATH/CodeIgniter.php(502): CodeIgniter\CodeIgniter->runController(Object(App\Controllers\Books))
 4 SYSTEMPATH/CodeIgniter.php(361): CodeIgniter\CodeIgniter->handleRequest(null, Object(Config\Cache), false)
 5 FCPATH/index.php(79): CodeIgniter\CodeIgniter->run()
 6 SYSTEMPATH/Commands/Server/rewrite.php(47): require_once('/Users/alzaidan/Documents/tst/codeigniter4-framework-a033985/public/index.php')
CRITICAL - 2023-12-14 11:28:08 --> Array callback must have exactly two elements
in APPPATH/Views/pages/edit.php on line 24.
 1 SYSTEMPATH/View/View.php(228): include()
 2 SYSTEMPATH/View/View.php(231): CodeIgniter\View\View->CodeIgniter\View\{closure}()
 3 SYSTEMPATH/Common.php(1190): CodeIgniter\View\View->render('pages/edit', [], true)
 4 APPPATH/Controllers/Books.php(98): view('pages/edit', [...])
 5 SYSTEMPATH/CodeIgniter.php(942): App\Controllers\Books->edit('1')
 6 SYSTEMPATH/CodeIgniter.php(502): CodeIgniter\CodeIgniter->runController(Object(App\Controllers\Books))
 7 SYSTEMPATH/CodeIgniter.php(361): CodeIgniter\CodeIgniter->handleRequest(null, Object(Config\Cache), false)
 8 FCPATH/index.php(79): CodeIgniter\CodeIgniter->run()
 9 SYSTEMPATH/Commands/Server/rewrite.php(47): require_once('/Users/alzaidan/Documents/tst/codeigniter4-framework-a033985/public/index.php')
CRITICAL - 2023-12-14 11:29:43 --> Undefined array key "Deskripsi"
in APPPATH/Views/pages/edit.php on line 36.
 1 APPPATH/Views/pages/edit.php(36): CodeIgniter\Debug\Exceptions->errorHandler(2, 'Undefined array key "Deskripsi"', '/Users/alzaidan/Documents/tst/codeigniter4-framework-a033985/app/Views/pages/edit.php', 36)
 2 SYSTEMPATH/View/View.php(228): include('/Users/alzaidan/Documents/tst/codeigniter4-framework-a033985/app/Views/pages/edit.php')
 3 SYSTEMPATH/View/View.php(231): CodeIgniter\View\View->CodeIgniter\View\{closure}()
 4 SYSTEMPATH/Common.php(1190): CodeIgniter\View\View->render('pages/edit', [], true)
 5 APPPATH/Controllers/Books.php(98): view('pages/edit', [...])
 6 SYSTEMPATH/CodeIgniter.php(942): App\Controllers\Books->edit('1')
 7 SYSTEMPATH/CodeIgniter.php(502): CodeIgniter\CodeIgniter->runController(Object(App\Controllers\Books))
 8 SYSTEMPATH/CodeIgniter.php(361): CodeIgniter\CodeIgniter->handleRequest(null, Object(Config\Cache), false)
 9 FCPATH/index.php(79): CodeIgniter\CodeIgniter->run()
10 SYSTEMPATH/Commands/Server/rewrite.php(47): require_once('/Users/alzaidan/Documents/tst/codeigniter4-framework-a033985/public/index.php')
CRITICAL - 2023-12-14 11:36:45 --> Undefined array key "judul"
in APPPATH/Controllers/Books.php on line 104.
 1 APPPATH/Controllers/Books.php(104): CodeIgniter\Debug\Exceptions->errorHandler(2, 'Undefined array key "judul"', '/Users/alzaidan/Documents/tst/codeigniter4-framework-a033985/app/Controllers/Books.php', 104)
 2 SYSTEMPATH/CodeIgniter.php(942): App\Controllers\Books->update('1')
 3 SYSTEMPATH/CodeIgniter.php(502): CodeIgniter\CodeIgniter->runController(Object(App\Controllers\Books))
 4 SYSTEMPATH/CodeIgniter.php(361): CodeIgniter\CodeIgniter->handleRequest(null, Object(Config\Cache), false)
 5 FCPATH/index.php(79): CodeIgniter\CodeIgniter->run()
 6 SYSTEMPATH/Commands/Server/rewrite.php(47): require_once('/Users/alzaidan/Documents/tst/codeigniter4-framework-a033985/public/index.php')
CRITICAL - 2023-12-14 11:37:23 --> Undefined array key "judul"
in APPPATH/Controllers/Books.php on line 104.
 1 APPPATH/Controllers/Books.php(104): CodeIgniter\Debug\Exceptions->errorHandler(2, 'Undefined array key "judul"', '/Users/alzaidan/Documents/tst/codeigniter4-framework-a033985/app/Controllers/Books.php', 104)
 2 SYSTEMPATH/CodeIgniter.php(942): App\Controllers\Books->update('1')
 3 SYSTEMPATH/CodeIgniter.php(502): CodeIgniter\CodeIgniter->runController(Object(App\Controllers\Books))
 4 SYSTEMPATH/CodeIgniter.php(361): CodeIgniter\CodeIgniter->handleRequest(null, Object(Config\Cache), false)
 5 FCPATH/index.php(79): CodeIgniter\CodeIgniter->run()
 6 SYSTEMPATH/Commands/Server/rewrite.php(47): require_once('/Users/alzaidan/Documents/tst/codeigniter4-framework-a033985/public/index.php')
CRITICAL - 2023-12-14 11:41:50 --> Trying to access array offset on null
in APPPATH/Views/pages/edit.php on line 10.
 1 APPPATH/Views/pages/edit.php(10): CodeIgniter\Debug\Exceptions->errorHandler(2, 'Trying to access array offset on null', '/Users/alzaidan/Documents/tst/codeigniter4-framework-a033985/app/Views/pages/edit.php', 10)
 2 SYSTEMPATH/View/View.php(228): include('/Users/alzaidan/Documents/tst/codeigniter4-framework-a033985/app/Views/pages/edit.php')
 3 SYSTEMPATH/View/View.php(231): CodeIgniter\View\View->CodeIgniter\View\{closure}()
 4 SYSTEMPATH/Common.php(1190): CodeIgniter\View\View->render('pages/edit', [], true)
 5 APPPATH/Controllers/Books.php(98): view('pages/edit', [...])
 6 SYSTEMPATH/CodeIgniter.php(942): App\Controllers\Books->edit('img', '1702554056_38d1d6ce43a019465a9c.jpeg')
 7 SYSTEMPATH/CodeIgniter.php(502): CodeIgniter\CodeIgniter->runController(Object(App\Controllers\Books))
 8 SYSTEMPATH/CodeIgniter.php(361): CodeIgniter\CodeIgniter->handleRequest(null, Object(Config\Cache), false)
 9 FCPATH/index.php(79): CodeIgniter\CodeIgniter->run()
10 SYSTEMPATH/Commands/Server/rewrite.php(47): require_once('/Users/alzaidan/Documents/tst/codeigniter4-framework-a033985/public/index.php')
CRITICAL - 2023-12-14 11:42:04 --> Trying to access array offset on null
in APPPATH/Views/pages/edit.php on line 10.
 1 APPPATH/Views/pages/edit.php(10): CodeIgniter\Debug\Exceptions->errorHandler(2, 'Trying to access array offset on null', '/Users/alzaidan/Documents/tst/codeigniter4-framework-a033985/app/Views/pages/edit.php', 10)
 2 SYSTEMPATH/View/View.php(228): include('/Users/alzaidan/Documents/tst/codeigniter4-framework-a033985/app/Views/pages/edit.php')
 3 SYSTEMPATH/View/View.php(231): CodeIgniter\View\View->CodeIgniter\View\{closure}()
 4 SYSTEMPATH/Common.php(1190): CodeIgniter\View\View->render('pages/edit', [], true)
 5 APPPATH/Controllers/Books.php(98): view('pages/edit', [...])
 6 SYSTEMPATH/CodeIgniter.php(942): App\Controllers\Books->edit('img', '1702554056_38d1d6ce43a019465a9c.jpeg')
 7 SYSTEMPATH/CodeIgniter.php(502): CodeIgniter\CodeIgniter->runController(Object(App\Controllers\Books))
 8 SYSTEMPATH/CodeIgniter.php(361): CodeIgniter\CodeIgniter->handleRequest(null, Object(Config\Cache), false)
 9 FCPATH/index.php(79): CodeIgniter\CodeIgniter->run()
10 SYSTEMPATH/Commands/Server/rewrite.php(47): require_once('/Users/alzaidan/Documents/tst/codeigniter4-framework-a033985/public/index.php')
ERROR - 2023-12-14 15:05:37 --> mysqli_sql_exception: Table 'books' already exists in /Users/alzaidan/Documents/tst/codeigniter4-framework-a033985/system/Database/MySQLi/Connection.php:306
Stack trace:
#0 /Users/alzaidan/Documents/tst/codeigniter4-framework-a033985/system/Database/MySQLi/Connection.php(306): mysqli->query('CREATE TABLE `b...', 0)
#1 /Users/alzaidan/Documents/tst/codeigniter4-framework-a033985/system/Database/BaseConnection.php(693): CodeIgniter\Database\MySQLi\Connection->execute('CREATE TABLE `b...')
#2 /Users/alzaidan/Documents/tst/codeigniter4-framework-a033985/system/Database/BaseConnection.php(607): CodeIgniter\Database\BaseConnection->simpleQuery('CREATE TABLE `b...')
#3 /Users/alzaidan/Documents/tst/codeigniter4-framework-a033985/system/Database/Forge.php(546): CodeIgniter\Database\BaseConnection->query('CREATE TABLE `b...')
#4 /Users/alzaidan/Documents/tst/codeigniter4-framework-a033985/app/Database/Migrations/2023-12-14-150212_Books.php(53): CodeIgniter\Database\Forge->createTable('books')
#5 /Users/alzaidan/Documents/tst/codeigniter4-framework-a033985/system/Database/MigrationRunner.php(873): App\Database\Migrations\Books->up()
#6 /Users/alzaidan/Documents/tst/codeigniter4-framework-a033985/system/Database/MigrationRunner.php(188): CodeIgniter\Database\MigrationRunner->migrate('up', Object(stdClass))
#7 /Users/alzaidan/Documents/tst/codeigniter4-framework-a033985/system/Commands/Database/Migrate.php(84): CodeIgniter\Database\MigrationRunner->latest(NULL)
#8 /Users/alzaidan/Documents/tst/codeigniter4-framework-a033985/system/CLI/Commands.php(65): CodeIgniter\Commands\Database\Migrate->run(Array)
#9 /Users/alzaidan/Documents/tst/codeigniter4-framework-a033985/system/CLI/Console.php(46): CodeIgniter\CLI\Commands->run('migrate', Array)
#10 /Users/alzaidan/Documents/tst/codeigniter4-framework-a033985/spark(102): CodeIgniter\CLI\Console->run()
#11 {main}
